
===========================================================================
 report_power
============================================================================
======================= Fastest Corner ===================================

Group                  Internal  Switching    Leakage      Total
                          Power      Power      Power      Power (Watts)
----------------------------------------------------------------
Sequential             1.74e-02   2.06e-04   4.60e-08   1.76e-02  50.6%
Combinational          1.79e-03   3.44e-03   1.68e-07   5.23e-03  15.1%
Clock                  5.33e-03   6.59e-03   4.96e-08   1.19e-02  34.3%
Macro                  0.00e+00   0.00e+00   0.00e+00   0.00e+00   0.0%
Pad                    0.00e+00   0.00e+00   0.00e+00   0.00e+00   0.0%
----------------------------------------------------------------
Total                  2.45e-02   1.02e-02   2.64e-07   3.47e-02 100.0%
                          70.5%      29.5%       0.0%

======================= Slowest Corner ===================================

Group                  Internal  Switching    Leakage      Total
                          Power      Power      Power      Power (Watts)
----------------------------------------------------------------
Sequential             1.14e-02   1.37e-04   4.07e-05   1.16e-02  49.6%
Combinational          1.29e-03   2.27e-03   8.73e-05   3.65e-03  15.7%
Clock                  3.87e-03   4.22e-03   4.55e-06   8.10e-03  34.7%
Macro                  0.00e+00   0.00e+00   0.00e+00   0.00e+00   0.0%
Pad                    0.00e+00   0.00e+00   0.00e+00   0.00e+00   0.0%
----------------------------------------------------------------
Total                  1.65e-02   6.63e-03   1.33e-04   2.33e-02 100.0%
                          71.0%      28.5%       0.6%

======================= Typical Corner ===================================

Group                  Internal  Switching    Leakage      Total
                          Power      Power      Power      Power (Watts)
----------------------------------------------------------------
Sequential             1.48e-02   1.74e-04   2.40e-08   1.50e-02  50.4%
Combinational          1.61e-03   2.90e-03   8.39e-08   4.51e-03  15.2%
Clock                  4.69e-03   5.53e-03   3.91e-08   1.02e-02  34.4%
Macro                  0.00e+00   0.00e+00   0.00e+00   0.00e+00   0.0%
Pad                    0.00e+00   0.00e+00   0.00e+00   0.00e+00   0.0%
----------------------------------------------------------------
Total                  2.11e-02   8.61e-03   1.47e-07   2.97e-02 100.0%
                          71.0%      29.0%       0.0%

