
===========================================================================
 report_power
============================================================================
======================= Fastest Corner ===================================

Group                  Internal  Switching    Leakage      Total
                          Power      Power      Power      Power (Watts)
----------------------------------------------------------------
Sequential             1.74e-02   2.17e-04   4.60e-08   1.76e-02  49.9%
Combinational          1.80e-03   3.64e-03   1.68e-07   5.44e-03  15.4%
Clock                  5.33e-03   6.92e-03   4.96e-08   1.23e-02  34.7%
Macro                  0.00e+00   0.00e+00   0.00e+00   0.00e+00   0.0%
Pad                    0.00e+00   0.00e+00   0.00e+00   0.00e+00   0.0%
----------------------------------------------------------------
Total                  2.45e-02   1.08e-02   2.64e-07   3.53e-02 100.0%
                          69.4%      30.5%       0.0%

======================= Slowest Corner ===================================

Group                  Internal  Switching    Leakage      Total
                          Power      Power      Power      Power (Watts)
----------------------------------------------------------------
Sequential             1.14e-02   1.46e-04   4.07e-05   1.16e-02  48.8%
Combinational          1.29e-03   2.41e-03   8.73e-05   3.79e-03  16.0%
Clock                  3.88e-03   4.45e-03   4.55e-06   8.33e-03  35.2%
Macro                  0.00e+00   0.00e+00   0.00e+00   0.00e+00   0.0%
Pad                    0.00e+00   0.00e+00   0.00e+00   0.00e+00   0.0%
----------------------------------------------------------------
Total                  1.66e-02   7.00e-03   1.33e-04   2.37e-02 100.0%
                          69.9%      29.6%       0.6%

======================= Typical Corner ===================================

Group                  Internal  Switching    Leakage      Total
                          Power      Power      Power      Power (Watts)
----------------------------------------------------------------
Sequential             1.48e-02   1.85e-04   2.40e-08   1.50e-02  49.6%
Combinational          1.61e-03   3.07e-03   8.39e-08   4.68e-03  15.5%
Clock                  4.70e-03   5.82e-03   3.91e-08   1.05e-02  34.9%
Macro                  0.00e+00   0.00e+00   0.00e+00   0.00e+00   0.0%
Pad                    0.00e+00   0.00e+00   0.00e+00   0.00e+00   0.0%
----------------------------------------------------------------
Total                  2.11e-02   9.08e-03   1.47e-07   3.02e-02 100.0%
                          69.9%      30.1%       0.0%

