Mon Apr 15 11:10:08 UTC 2024 - Executing "{openroad -exit -no_init -python /openlane/scripts/odbpy/lefutil.py get_metal_layers -o /openlane/designs/core/runs/core/tmp/layers.list /Business/EDA_wx_company/jli/.volare/sky130A/libs.ref/sky130_fd_sc_hd/techlef/sky130_fd_sc_hd__nom.tlef}"

Mon Apr 15 11:10:08 UTC 2024 - Executing "{/openlane/scripts/mergeLef.py -o /openlane/designs/core/runs/core/tmp/merged.nom.lef -i /Business/EDA_wx_company/jli/.volare/sky130A/libs.ref/sky130_fd_sc_hd/techlef/sky130_fd_sc_hd__nom.tlef {/Business/EDA_wx_company/jli/.volare/sky130A/libs.ref/sky130_fd_sc_hd/lef/sky130_fd_sc_hd.lef /Business/EDA_wx_company/jli/.volare/sky130A/libs.ref/sky130_fd_sc_hd/lef/sky130_ef_sc_hd.lef} |& tee /dev/null}"

Mon Apr 15 11:10:08 UTC 2024 - Executing "{/openlane/scripts/mergeLef.py -o /openlane/designs/core/runs/core/tmp/merged.min.lef -i /Business/EDA_wx_company/jli/.volare/sky130A/libs.ref/sky130_fd_sc_hd/techlef/sky130_fd_sc_hd__min.tlef {/Business/EDA_wx_company/jli/.volare/sky130A/libs.ref/sky130_fd_sc_hd/lef/sky130_fd_sc_hd.lef /Business/EDA_wx_company/jli/.volare/sky130A/libs.ref/sky130_fd_sc_hd/lef/sky130_ef_sc_hd.lef} |& tee /dev/null}"

Mon Apr 15 11:10:09 UTC 2024 - Executing "{/openlane/scripts/mergeLef.py -o /openlane/designs/core/runs/core/tmp/merged.max.lef -i /Business/EDA_wx_company/jli/.volare/sky130A/libs.ref/sky130_fd_sc_hd/techlef/sky130_fd_sc_hd__max.tlef {/Business/EDA_wx_company/jli/.volare/sky130A/libs.ref/sky130_fd_sc_hd/lef/sky130_fd_sc_hd.lef /Business/EDA_wx_company/jli/.volare/sky130A/libs.ref/sky130_fd_sc_hd/lef/sky130_ef_sc_hd.lef} |& tee /dev/null}"

Mon Apr 15 11:10:09 UTC 2024 - Executing "{python3 /openlane/scripts/mergeLib.py --output /openlane/designs/core/runs/core/tmp/synthesis/merged.lib --name sky130A_merged /Business/EDA_wx_company/jli/.volare/sky130A/libs.ref/sky130_fd_sc_hd/lib/sky130_fd_sc_hd__tt_025C_1v80.lib}"

Mon Apr 15 11:10:10 UTC 2024 - Executing "{python3 /openlane/scripts/libtrim.py --cell-file /openlane/designs/core/runs/core/tmp/synthesis/trimmed.lib.exclude.list --output /openlane/designs/core/runs/core/tmp/synthesis/trimmed.lib /openlane/designs/core/runs/core/tmp/synthesis/merged.lib}"

Mon Apr 15 11:10:10 UTC 2024 - Executing "{python3 /openlane/scripts/libtrim.py --cell-file /openlane/designs/core/runs/core/tmp/cts/cts.lib.exclude.list --output /openlane/designs/core/runs/core/tmp/cts/cts.lib /Business/EDA_wx_company/jli/.volare/sky130A/libs.ref/sky130_fd_sc_hd/lib/sky130_fd_sc_hd__tt_025C_1v80.lib}"

Mon Apr 15 11:10:11 UTC 2024 - Executing "{python3 /openlane/scripts/libtrim.py --cell-file /openlane/designs/core/runs/core/tmp/cts/cts-fastest.lib.exclude.list --output /openlane/designs/core/runs/core/tmp/cts/cts-fastest.lib /Business/EDA_wx_company/jli/.volare/sky130A/libs.ref/sky130_fd_sc_hd/lib/sky130_fd_sc_hd__ff_n40C_1v95.lib}"

Mon Apr 15 11:10:12 UTC 2024 - Executing "{python3 /openlane/scripts/libtrim.py --cell-file /openlane/designs/core/runs/core/tmp/cts/cts-slowest.lib.exclude.list --output /openlane/designs/core/runs/core/tmp/cts/cts-slowest.lib /Business/EDA_wx_company/jli/.volare/sky130A/libs.ref/sky130_fd_sc_hd/lib/sky130_fd_sc_hd__ss_100C_1v60.lib}"

Mon Apr 15 11:10:13 UTC 2024 - Executing "{python3 /openlane/scripts/new_tracks.py -i /Business/EDA_wx_company/jli/.volare/sky130A/libs.tech/openlane/sky130_fd_sc_hd/tracks.info -o /openlane/designs/core/runs/core/tmp/routing/config.tracks}"

Mon Apr 15 11:10:13 UTC 2024 - Executing "{echo {OpenLane ad7a11ff2822cf5f426da6240f1dba9c5256a7e9} > /openlane/designs/core/runs/core/OPENLANE_VERSION}"

Mon Apr 15 11:10:13 UTC 2024 - Executing "{yosys -c /openlane/scripts/yosys/blackbox.tcl}"

Mon Apr 15 11:10:14 UTC 2024 - Executing "{verilator -Wall --lint-only --Wno-DECLFILENAME --top-module core /openlane/designs/core/runs/core/tmp/synthesis/blackbox/sky130_fd_sc_hd__blackbox.v /openlane/designs/core/src/core.v -Wno-fatal --relative-includes |& tee /openlane/designs/core/runs/core/logs/synthesis/linter.log /dev/null}"

Mon Apr 15 11:10:14 UTC 2024 - Executing "{sed -E {s/^([[:space:]]+)pg_pin(.*)/\1pin\2\n\1    direction : "inout";/g} /Business/EDA_wx_company/jli/.volare/sky130A/libs.ref/sky130_fd_sc_hd/lib/sky130_fd_sc_hd__tt_025C_1v80.lib > /openlane/designs/core/runs/core/tmp/synthesis/1-sky130_fd_sc_hd__tt_025C_1v80.no_pg.lib}"

Mon Apr 15 11:10:14 UTC 2024 - Executing "{sed -E {s/^([[:space:]]+)pg_pin(.*)/\1pin\2\n\1    direction : "inout";/g} /openlane/designs/core/runs/core/tmp/synthesis/trimmed.lib > /openlane/designs/core/runs/core/tmp/synthesis/1-trimmed.no_pg.lib}"

Mon Apr 15 11:10:15 UTC 2024 - Executing "yosys -c /openlane/scripts/yosys/synth.tcl |& tee /dev/null /openlane/designs/core/runs/core/logs/synthesis/1-synthesis.log"

Mon Apr 15 11:10:15 UTC 2024 - Executing "{yosys -c /openlane/scripts/yosys/synth.tcl |& tee /dev/null /openlane/designs/core/runs/core/logs/synthesis/1-synthesis.log}"

Mon Apr 15 11:11:16 UTC 2024 - Executing "{sed -i.bak -e {s/\(set ::env(CURRENT_NETLIST)\).*/\1 \/openlane\/designs\/core\/runs\/core\/results\/synthesis\/core.v/} /openlane/designs/core/runs/core/config.tcl}"

Mon Apr 15 11:11:16 UTC 2024 - Executing "{sed -i.bak /defparam/d /openlane/designs/core/runs/core/results/synthesis/core.v}"

Mon Apr 15 11:11:17 UTC 2024 - Executing "sta -exit -no_init /openlane/scripts/openroad/sta/multi_corner.tcl |& tee /dev/null /openlane/designs/core/runs/core/logs/synthesis/2-sta.log"

Mon Apr 15 11:11:17 UTC 2024 - Executing "{sta -exit -no_init /openlane/scripts/openroad/sta/multi_corner.tcl |& tee /dev/null /openlane/designs/core/runs/core/logs/synthesis/2-sta.log}"

Mon Apr 15 11:11:20 UTC 2024 - Executing "openroad -exit /openlane/scripts/openroad/floorplan.tcl |& tee /dev/null /openlane/designs/core/runs/core/logs/floorplan/3-initial_fp.log"

Mon Apr 15 11:11:21 UTC 2024 - Executing "{openroad -exit /openlane/scripts/openroad/floorplan.tcl |& tee /dev/null /openlane/designs/core/runs/core/logs/floorplan/3-initial_fp.log}"

Mon Apr 15 11:11:23 UTC 2024 - Executing "{openroad -exit -no_init -python /openlane/scripts/odbpy/defutil.py extract_core_dims --output-data /openlane/designs/core/runs/core/tmp/dimensions.txt --input-lef /openlane/designs/core/runs/core/tmp/merged.nom.lef /openlane/designs/core/runs/core/tmp/floorplan/3-initial_fp.def}"

Mon Apr 15 11:11:24 UTC 2024 - Executing "openroad -exit /openlane/scripts/openroad/ioplacer.tcl |& tee /dev/null /openlane/designs/core/runs/core/logs/floorplan/4-io.log"

Mon Apr 15 11:11:24 UTC 2024 - Executing "{openroad -exit /openlane/scripts/openroad/ioplacer.tcl |& tee /dev/null /openlane/designs/core/runs/core/logs/floorplan/4-io.log}"

Mon Apr 15 11:11:25 UTC 2024 - Executing "openroad -exit /openlane/scripts/openroad/tapcell.tcl |& tee /dev/null /openlane/designs/core/runs/core/logs/floorplan/5-tap.log"

Mon Apr 15 11:11:25 UTC 2024 - Executing "{openroad -exit /openlane/scripts/openroad/tapcell.tcl |& tee /dev/null /openlane/designs/core/runs/core/logs/floorplan/5-tap.log}"

Mon Apr 15 11:11:27 UTC 2024 - Executing "openroad -exit /openlane/scripts/openroad/pdn.tcl |& tee /dev/null /openlane/designs/core/runs/core/logs/floorplan/6-pdn.log"

Mon Apr 15 11:11:27 UTC 2024 - Executing "{openroad -exit /openlane/scripts/openroad/pdn.tcl |& tee /dev/null /openlane/designs/core/runs/core/logs/floorplan/6-pdn.log}"

Mon Apr 15 11:11:30 UTC 2024 - Executing "openroad -exit /openlane/scripts/openroad/gpl.tcl |& tee /dev/null /openlane/designs/core/runs/core/logs/placement/6-global_skip_io.log"

Mon Apr 15 11:11:30 UTC 2024 - Executing "{openroad -exit /openlane/scripts/openroad/gpl.tcl |& tee /dev/null /openlane/designs/core/runs/core/logs/placement/6-global_skip_io.log}"

Mon Apr 15 11:11:38 UTC 2024 - Executing "{sed -i.bak -e {s/\(set ::env(CURRENT_NETLIST)\).*/\1 \/openlane\/designs\/core\/runs\/core\/tmp\/placement\/7-global_skip_io.nl.v/} /openlane/designs/core/runs/core/config.tcl}"

Mon Apr 15 11:11:38 UTC 2024 - Executing "openroad -exit /openlane/scripts/openroad/sta/multi_corner.tcl |& tee /dev/null /openlane/designs/core/runs/core/logs/placement/8-gpl_sta.log"

Mon Apr 15 11:11:38 UTC 2024 - Executing "{openroad -exit /openlane/scripts/openroad/sta/multi_corner.tcl |& tee /dev/null /openlane/designs/core/runs/core/logs/placement/8-gpl_sta.log}"

Mon Apr 15 11:11:43 UTC 2024 - Executing "openroad -exit /openlane/scripts/openroad/ioplacer.tcl |& tee /dev/null /openlane/designs/core/runs/core/logs/placement/9-io.log"

Mon Apr 15 11:11:43 UTC 2024 - Executing "{openroad -exit /openlane/scripts/openroad/ioplacer.tcl |& tee /dev/null /openlane/designs/core/runs/core/logs/placement/9-io.log}"

Mon Apr 15 11:11:45 UTC 2024 - Executing "openroad -exit /openlane/scripts/openroad/gpl.tcl |& tee /dev/null /openlane/designs/core/runs/core/logs/placement/9-global.log"

Mon Apr 15 11:11:45 UTC 2024 - Executing "{openroad -exit /openlane/scripts/openroad/gpl.tcl |& tee /dev/null /openlane/designs/core/runs/core/logs/placement/9-global.log}"

Mon Apr 15 11:11:53 UTC 2024 - Executing "{sed -i.bak -e {s/\(set ::env(CURRENT_NETLIST)\).*/\1 \/openlane\/designs\/core\/runs\/core\/tmp\/placement\/10-global.nl.v/} /openlane/designs/core/runs/core/config.tcl}"

Mon Apr 15 11:11:53 UTC 2024 - Executing "openroad -exit /openlane/scripts/openroad/sta/multi_corner.tcl |& tee /dev/null /openlane/designs/core/runs/core/logs/placement/11-gpl_sta.log"

Mon Apr 15 11:11:53 UTC 2024 - Executing "{openroad -exit /openlane/scripts/openroad/sta/multi_corner.tcl |& tee /dev/null /openlane/designs/core/runs/core/logs/placement/11-gpl_sta.log}"

Mon Apr 15 11:11:58 UTC 2024 - Executing "openroad -exit /openlane/scripts/openroad/resizer.tcl |& tee /dev/null /openlane/designs/core/runs/core/logs/placement/12-resizer.log"

Mon Apr 15 11:11:58 UTC 2024 - Executing "{openroad -exit /openlane/scripts/openroad/resizer.tcl |& tee /dev/null /openlane/designs/core/runs/core/logs/placement/12-resizer.log}"

Mon Apr 15 11:12:14 UTC 2024 - Executing "{sed -i.bak -e {s/\(set ::env(CURRENT_NETLIST)\).*/\1 \/openlane\/designs\/core\/runs\/core\/tmp\/placement\/12-resizer.nl.v/} /openlane/designs/core/runs/core/config.tcl}"

Mon Apr 15 11:12:14 UTC 2024 - Executing "openroad -exit /openlane/scripts/openroad/dpl.tcl |& tee /dev/null /openlane/designs/core/runs/core/logs/placement/13-detailed.log"

Mon Apr 15 11:12:15 UTC 2024 - Executing "{openroad -exit /openlane/scripts/openroad/dpl.tcl |& tee /dev/null /openlane/designs/core/runs/core/logs/placement/13-detailed.log}"

Mon Apr 15 11:12:17 UTC 2024 - Executing "{sed -i.bak -e {s/\(set ::env(CURRENT_NETLIST)\).*/\1 \/openlane\/designs\/core\/runs\/core\/results\/placement\/core.nl.v/} /openlane/designs/core/runs/core/config.tcl}"

Mon Apr 15 11:12:17 UTC 2024 - Executing "openroad -exit /openlane/scripts/openroad/sta/multi_corner.tcl |& tee /dev/null /openlane/designs/core/runs/core/logs/placement/14-dpl_sta.log"

Mon Apr 15 11:12:17 UTC 2024 - Executing "{openroad -exit /openlane/scripts/openroad/sta/multi_corner.tcl |& tee /dev/null /openlane/designs/core/runs/core/logs/placement/14-dpl_sta.log}"

Mon Apr 15 11:12:23 UTC 2024 - Executing "openroad -exit /openlane/scripts/openroad/cts.tcl |& tee /dev/null /openlane/designs/core/runs/core/logs/cts/15-cts.log"

Mon Apr 15 11:12:23 UTC 2024 - Executing "{openroad -exit /openlane/scripts/openroad/cts.tcl |& tee /dev/null /openlane/designs/core/runs/core/logs/cts/15-cts.log}"

Mon Apr 15 11:12:42 UTC 2024 - Executing "openroad -exit /openlane/scripts/openroad/sta/multi_corner.tcl |& tee /dev/null /openlane/designs/core/runs/core/logs/cts/16-cts_sta.log"

Mon Apr 15 11:12:42 UTC 2024 - Executing "{openroad -exit /openlane/scripts/openroad/sta/multi_corner.tcl |& tee /dev/null /openlane/designs/core/runs/core/logs/cts/16-cts_sta.log}"

Mon Apr 15 11:12:49 UTC 2024 - Executing "openroad -exit /openlane/scripts/openroad/resizer_timing.tcl |& tee /dev/null /openlane/designs/core/runs/core/logs/cts/17-resizer.log"

Mon Apr 15 11:12:49 UTC 2024 - Executing "{openroad -exit /openlane/scripts/openroad/resizer_timing.tcl |& tee /dev/null /openlane/designs/core/runs/core/logs/cts/17-resizer.log}"

Mon Apr 15 11:14:09 UTC 2024 - Executing "{sed -i.bak -e {s/\(set ::env(CURRENT_NETLIST)\).*/\1 \/openlane\/designs\/core\/runs\/core\/tmp\/cts\/17-core.resized.nl.v/} /openlane/designs/core/runs/core/config.tcl}"

Mon Apr 15 11:14:10 UTC 2024 - Executing "openroad -exit /openlane/scripts/openroad/resizer_routing_design.tcl |& tee /dev/null /openlane/designs/core/runs/core/logs/routing/18-resizer_design.log"

Mon Apr 15 11:14:10 UTC 2024 - Executing "{openroad -exit /openlane/scripts/openroad/resizer_routing_design.tcl |& tee /dev/null /openlane/designs/core/runs/core/logs/routing/18-resizer_design.log}"

Mon Apr 15 11:14:37 UTC 2024 - Executing "{sed -i.bak -e {s/\(set ::env(CURRENT_NETLIST)\).*/\1 \/openlane\/designs\/core\/runs\/core\/tmp\/18-core.nl.v/} /openlane/designs/core/runs/core/config.tcl}"

Mon Apr 15 11:14:37 UTC 2024 - Executing "openroad -exit /openlane/scripts/openroad/sta/multi_corner.tcl |& tee /dev/null /openlane/designs/core/runs/core/logs/routing/19-rsz_design_sta.log"

Mon Apr 15 11:14:37 UTC 2024 - Executing "{openroad -exit /openlane/scripts/openroad/sta/multi_corner.tcl |& tee /dev/null /openlane/designs/core/runs/core/logs/routing/19-rsz_design_sta.log}"

Mon Apr 15 11:14:45 UTC 2024 - Executing "openroad -exit /openlane/scripts/openroad/resizer_routing_timing.tcl |& tee /dev/null /openlane/designs/core/runs/core/logs/routing/20-resizer_timing.log"

Mon Apr 15 11:14:45 UTC 2024 - Executing "{openroad -exit /openlane/scripts/openroad/resizer_routing_timing.tcl |& tee /dev/null /openlane/designs/core/runs/core/logs/routing/20-resizer_timing.log}"

Mon Apr 15 11:15:38 UTC 2024 - Executing "{sed -i.bak -e {s/\(set ::env(CURRENT_NETLIST)\).*/\1 \/openlane\/designs\/core\/runs\/core\/tmp\/20-core.nl.v/} /openlane/designs/core/runs/core/config.tcl}"

Mon Apr 15 11:15:38 UTC 2024 - Executing "openroad -exit /openlane/scripts/openroad/sta/multi_corner.tcl |& tee /dev/null /openlane/designs/core/runs/core/logs/routing/21-rsz_timing_sta.log"

Mon Apr 15 11:15:38 UTC 2024 - Executing "{openroad -exit /openlane/scripts/openroad/sta/multi_corner.tcl |& tee /dev/null /openlane/designs/core/runs/core/logs/routing/21-rsz_timing_sta.log}"

Mon Apr 15 11:15:46 UTC 2024 - Executing "openroad -exit /openlane/scripts/openroad/repair_antennas.tcl |& tee /dev/null /openlane/designs/core/runs/core/logs/routing/22-global.log"

Mon Apr 15 11:15:47 UTC 2024 - Executing "{openroad -exit /openlane/scripts/openroad/repair_antennas.tcl |& tee /dev/null /openlane/designs/core/runs/core/logs/routing/22-global.log}"

Mon Apr 15 11:16:26 UTC 2024 - Executing "{openroad -exit -no_init -python /openlane/scripts/odbpy/defutil.py replace_instance_prefixes --original-prefix ANTENNA --new-prefix INSDIODE1 --input-lef /openlane/designs/core/runs/core/tmp/merged.nom.lef --output-def /openlane/designs/core/runs/core/tmp/routing/22-global.def --output /openlane/designs/core/runs/core/tmp/routing/22-global.odb /openlane/designs/core/runs/core/tmp/routing/22-global.odb |& tee /dev/null /openlane/designs/core/runs/core/logs/routing/22-antenna_diodes_1.log}"

Mon Apr 15 11:16:27 UTC 2024 - Executing "openroad -exit /openlane/scripts/openroad/repair_antennas.tcl |& tee /dev/null /openlane/designs/core/runs/core/logs/routing/22-antenna_route_1.log"

Mon Apr 15 11:16:27 UTC 2024 - Executing "{openroad -exit /openlane/scripts/openroad/repair_antennas.tcl |& tee /dev/null /openlane/designs/core/runs/core/logs/routing/22-antenna_route_1.log}"

Mon Apr 15 11:16:47 UTC 2024 - Executing "openroad -exit /openlane/scripts/openroad/write_views.tcl |& tee /dev/null /openlane/designs/core/runs/core/logs/routing/22-global_write_netlist.log"

Mon Apr 15 11:16:47 UTC 2024 - Executing "{openroad -exit /openlane/scripts/openroad/write_views.tcl |& tee /dev/null /openlane/designs/core/runs/core/logs/routing/22-global_write_netlist.log}"

Mon Apr 15 11:16:49 UTC 2024 - Executing "{sed -i.bak -e {s/\(set ::env(CURRENT_NETLIST)\).*/\1 \/openlane\/designs\/core\/runs\/core\/tmp\/routing\/global.nl.v/} /openlane/designs/core/runs/core/config.tcl}"

Mon Apr 15 11:16:49 UTC 2024 - Executing "openroad -exit /openlane/scripts/openroad/sta/multi_corner.tcl |& tee /dev/null /openlane/designs/core/runs/core/logs/routing/24-grt_sta.log"

Mon Apr 15 11:16:49 UTC 2024 - Executing "{openroad -exit /openlane/scripts/openroad/sta/multi_corner.tcl |& tee /dev/null /openlane/designs/core/runs/core/logs/routing/24-grt_sta.log}"

Mon Apr 15 11:16:54 UTC 2024 - Executing "openroad -exit /openlane/scripts/openroad/fill.tcl |& tee /dev/null /openlane/designs/core/runs/core/logs/routing/25-fill.log"

Mon Apr 15 11:16:54 UTC 2024 - Executing "{openroad -exit /openlane/scripts/openroad/fill.tcl |& tee /dev/null /openlane/designs/core/runs/core/logs/routing/25-fill.log}"

Mon Apr 15 11:16:57 UTC 2024 - Executing "{sed -i.bak -e {s/\(set ::env(CURRENT_NETLIST)\).*/\1 \/openlane\/designs\/core\/runs\/core\/tmp\/routing\/25-fill.nl.v/} /openlane/designs/core/runs/core/config.tcl}"

Mon Apr 15 11:16:58 UTC 2024 - Executing "openroad -exit -metrics /openlane/designs/core/runs/core/reports/routing/26-drt_metrics.json /openlane/scripts/openroad/droute.tcl |& tee /dev/null /openlane/designs/core/runs/core/logs/routing/26-detailed.log"

Mon Apr 15 11:16:58 UTC 2024 - Executing "{openroad -exit -metrics /openlane/designs/core/runs/core/reports/routing/26-drt_metrics.json /openlane/scripts/openroad/droute.tcl |& tee /dev/null /openlane/designs/core/runs/core/logs/routing/26-detailed.log}"

Mon Apr 15 11:55:21 UTC 2024 - Executing "{sed -i.bak -e {s/\(set ::env(CURRENT_NETLIST)\).*/\1 \/openlane\/designs\/core\/runs\/core\/results\/routing\/core.nl.v/} /openlane/designs/core/runs/core/config.tcl}"

Mon Apr 15 11:55:21 UTC 2024 - Executing "{python3 /openlane/scripts/drc_rosetta.py tr to_klayout -o /openlane/designs/core/runs/core/reports/routing/drt.klayout.xml --design-name core /openlane/designs/core/runs/core/reports/routing/drt.drc}"

Mon Apr 15 11:55:22 UTC 2024 - Executing "{openroad -exit -no_init -python /openlane/scripts/odbpy/wire_lengths.py --report-out /openlane/designs/core/runs/core/reports/routing/27-wire_lengths.csv --input-lef /openlane/designs/core/runs/core/tmp/merged.nom.lef --output-def /dev/null --output /openlane/designs/core/runs/core/results/routing/core.odb /openlane/designs/core/runs/core/results/routing/core.odb |& tee /dev/null /openlane/designs/core/runs/core/logs/routing/27-wire_lengths.log}"

Mon Apr 15 11:55:25 UTC 2024 - Executing "openroad -exit /openlane/scripts/openroad/rcx.tcl |& tee /dev/null /openlane/designs/core/runs/core/logs/signoff/28-parasitics_extraction.min.log"

Mon Apr 15 11:55:25 UTC 2024 - Executing "{openroad -exit /openlane/scripts/openroad/rcx.tcl |& tee /dev/null /openlane/designs/core/runs/core/logs/signoff/28-parasitics_extraction.min.log}"

Mon Apr 15 11:55:38 UTC 2024 - Executing "sta -exit -no_init /openlane/scripts/openroad/sta/multi_corner.tcl |& tee /dev/null /openlane/designs/core/runs/core/logs/signoff/29-rcx_mcsta.min.log"

Mon Apr 15 11:55:38 UTC 2024 - Executing "{sta -exit -no_init /openlane/scripts/openroad/sta/multi_corner.tcl |& tee /dev/null /openlane/designs/core/runs/core/logs/signoff/29-rcx_mcsta.min.log}"

Mon Apr 15 11:56:17 UTC 2024 - Executing "openroad -exit /openlane/scripts/openroad/rcx.tcl |& tee /dev/null /openlane/designs/core/runs/core/logs/signoff/30-parasitics_extraction.max.log"

Mon Apr 15 11:56:17 UTC 2024 - Executing "{openroad -exit /openlane/scripts/openroad/rcx.tcl |& tee /dev/null /openlane/designs/core/runs/core/logs/signoff/30-parasitics_extraction.max.log}"

Mon Apr 15 11:56:29 UTC 2024 - Executing "sta -exit -no_init /openlane/scripts/openroad/sta/multi_corner.tcl |& tee /dev/null /openlane/designs/core/runs/core/logs/signoff/31-rcx_mcsta.max.log"

Mon Apr 15 11:56:29 UTC 2024 - Executing "{sta -exit -no_init /openlane/scripts/openroad/sta/multi_corner.tcl |& tee /dev/null /openlane/designs/core/runs/core/logs/signoff/31-rcx_mcsta.max.log}"

Mon Apr 15 11:57:08 UTC 2024 - Executing "openroad -exit /openlane/scripts/openroad/rcx.tcl |& tee /dev/null /openlane/designs/core/runs/core/logs/signoff/32-parasitics_extraction.nom.log"

Mon Apr 15 11:57:08 UTC 2024 - Executing "{openroad -exit /openlane/scripts/openroad/rcx.tcl |& tee /dev/null /openlane/designs/core/runs/core/logs/signoff/32-parasitics_extraction.nom.log}"

Mon Apr 15 11:57:21 UTC 2024 - Executing "sta -exit -no_init /openlane/scripts/openroad/sta/multi_corner.tcl |& tee /dev/null /openlane/designs/core/runs/core/logs/signoff/33-rcx_mcsta.nom.log"

Mon Apr 15 11:57:21 UTC 2024 - Executing "{sta -exit -no_init /openlane/scripts/openroad/sta/multi_corner.tcl |& tee /dev/null /openlane/designs/core/runs/core/logs/signoff/33-rcx_mcsta.nom.log}"

Mon Apr 15 11:58:00 UTC 2024 - Executing "openroad -exit /openlane/scripts/openroad/irdrop.tcl |& tee /dev/null /openlane/designs/core/runs/core/logs/signoff/34-irdrop.log"

Mon Apr 15 11:58:01 UTC 2024 - Executing "{openroad -exit /openlane/scripts/openroad/irdrop.tcl |& tee /dev/null /openlane/designs/core/runs/core/logs/signoff/34-irdrop.log}"

Mon Apr 15 11:58:15 UTC 2024 - Executing "magic -noconsole -dnull -rcfile /Business/EDA_wx_company/jli/.volare/sky130A/libs.tech/magic/sky130A.magicrc < /openlane/scripts/magic/wrapper.tcl |& tee /dev/null /openlane/designs/core/runs/core/logs/signoff/35-gdsii.log"

Mon Apr 15 11:58:15 UTC 2024 - Executing "{magic -noconsole -dnull -rcfile /Business/EDA_wx_company/jli/.volare/sky130A/libs.tech/magic/sky130A.magicrc < /openlane/scripts/magic/wrapper.tcl |& tee /dev/null /openlane/designs/core/runs/core/logs/signoff/35-gdsii.log}"

Mon Apr 15 11:58:44 UTC 2024 - Executing "magic -noconsole -dnull -rcfile /Business/EDA_wx_company/jli/.volare/sky130A/libs.tech/magic/sky130A.magicrc < /openlane/scripts/magic/wrapper.tcl |& tee /dev/null /openlane/designs/core/runs/core/logs/signoff/35-gds_ptrs.log"

Mon Apr 15 11:58:44 UTC 2024 - Executing "{magic -noconsole -dnull -rcfile /Business/EDA_wx_company/jli/.volare/sky130A/libs.tech/magic/sky130A.magicrc < /openlane/scripts/magic/wrapper.tcl |& tee /dev/null /openlane/designs/core/runs/core/logs/signoff/35-gds_ptrs.log}"

Mon Apr 15 11:59:01 UTC 2024 - Executing "{sed -i.bak -n {/^<< properties >>/,/^<< end >>/p} /openlane/designs/core/runs/core/tmp/signoff/gds_ptrs.mag}"

Mon Apr 15 11:59:02 UTC 2024 - Executing "magic -noconsole -dnull -rcfile /Business/EDA_wx_company/jli/.volare/sky130A/libs.tech/magic/sky130A.magicrc < /openlane/scripts/magic/wrapper.tcl |& tee /dev/null /openlane/designs/core/runs/core/logs/signoff/35-lef.log"

Mon Apr 15 11:59:02 UTC 2024 - Executing "{magic -noconsole -dnull -rcfile /Business/EDA_wx_company/jli/.volare/sky130A/libs.tech/magic/sky130A.magicrc < /openlane/scripts/magic/wrapper.tcl |& tee /dev/null /openlane/designs/core/runs/core/logs/signoff/35-lef.log}"

Mon Apr 15 11:59:37 UTC 2024 - Executing "magic -noconsole -dnull -rcfile /Business/EDA_wx_company/jli/.volare/sky130A/libs.tech/magic/sky130A.magicrc < /openlane/scripts/magic/wrapper.tcl |& tee /dev/null /openlane/designs/core/runs/core/logs/signoff/35-maglef.log"

Mon Apr 15 11:59:37 UTC 2024 - Executing "{magic -noconsole -dnull -rcfile /Business/EDA_wx_company/jli/.volare/sky130A/libs.tech/magic/sky130A.magicrc < /openlane/scripts/magic/wrapper.tcl |& tee /dev/null /openlane/designs/core/runs/core/logs/signoff/35-maglef.log}"

Mon Apr 15 11:59:38 UTC 2024 - Executing "{python3 /openlane/scripts/klayout/stream_out.py --output /openlane/designs/core/runs/core/results/signoff/core.klayout.gds --lyt /Business/EDA_wx_company/jli/.volare/sky130A/libs.tech/klayout/tech/sky130A.lyt --lym /Business/EDA_wx_company/jli/.volare/sky130A/libs.tech/klayout/tech/sky130A.map --lyp /Business/EDA_wx_company/jli/.volare/sky130A/libs.tech/klayout/tech/sky130A.lyp --top core --with-gds-file /Business/EDA_wx_company/jli/.volare/sky130A/libs.ref/sky130_fd_sc_hd/gds/sky130_fd_sc_hd.gds --input-lef /openlane/designs/core/runs/core/tmp/merged.nom.lef /openlane/designs/core/runs/core/results/routing/core.def |& tee /dev/null /openlane/designs/core/runs/core/logs/signoff/36-gdsii-klayout.log}"

Mon Apr 15 11:59:43 UTC 2024 - Executing "{klayout -b -r /openlane/scripts/klayout/xor.drc -rd a=/openlane/designs/core/runs/core/results/signoff/core.gds -rd b=/openlane/designs/core/runs/core/results/signoff/core.klayout.gds -rd jobs=1 -rd rdb_out=/openlane/designs/core/runs/core/reports/signoff/37-xor.xml -rd ignore=81/14 -rd rpt_out=/openlane/designs/core/runs/core/reports/signoff/37-xor.rpt |& tee /dev/null /openlane/designs/core/runs/core/logs/signoff/37-xor.log}"

Mon Apr 15 12:00:30 UTC 2024 - Executing "magic -noconsole -dnull -rcfile /Business/EDA_wx_company/jli/.volare/sky130A/libs.tech/magic/sky130A.magicrc < /openlane/scripts/magic/wrapper.tcl |& tee /dev/null /openlane/designs/core/runs/core/logs/signoff/38-spice.log"

Mon Apr 15 12:00:30 UTC 2024 - Executing "{magic -noconsole -dnull -rcfile /Business/EDA_wx_company/jli/.volare/sky130A/libs.tech/magic/sky130A.magicrc < /openlane/scripts/magic/wrapper.tcl |& tee /dev/null /openlane/designs/core/runs/core/logs/signoff/38-spice.log}"

Mon Apr 15 12:01:56 UTC 2024 - Executing "{openroad -exit -no_init -python /openlane/scripts/odbpy/power_utils.py write_powered_def --output /openlane/designs/core/runs/core/tmp/signoff/38-core.p.def --input-lef /openlane/designs/core/runs/core/tmp/merged.nom.lef --power-port VPWR --ground-port VGND --powered-netlist {} /openlane/designs/core/runs/core/results/routing/core.def |& tee /dev/null /openlane/designs/core/runs/core/logs/signoff/39-write_powered_def.log}"

Mon Apr 15 12:02:00 UTC 2024 - Executing "openroad -exit /openlane/scripts/openroad/write_views.tcl |& tee /dev/null /openlane/designs/core/runs/core/logs/signoff/39-write_powered_verilog.log"

Mon Apr 15 12:02:00 UTC 2024 - Executing "{openroad -exit /openlane/scripts/openroad/write_views.tcl |& tee /dev/null /openlane/designs/core/runs/core/logs/signoff/39-write_powered_verilog.log}"

Mon Apr 15 12:02:06 UTC 2024 - Executing "{sed -i.bak -e {s/\(set ::env(CURRENT_NETLIST)\).*/\1 \/openlane\/designs\/core\/runs\/core\/tmp\/signoff\/38-core.nl.v/} /openlane/designs/core/runs/core/config.tcl}"

Mon Apr 15 12:02:06 UTC 2024 - Executing "{netgen -batch source /openlane/designs/core/runs/core/tmp/signoff/41-setup_file.lef.lvs |& tee /dev/null /openlane/designs/core/runs/core/logs/signoff/41-lvs.lef.log}"

Mon Apr 15 12:02:19 UTC 2024 - Executing "magic -noconsole -dnull -rcfile /Business/EDA_wx_company/jli/.volare/sky130A/libs.tech/magic/sky130A.magicrc < /openlane/scripts/magic/wrapper.tcl |& tee /dev/null /openlane/designs/core/runs/core/logs/signoff/42-drc.log"

Mon Apr 15 12:02:19 UTC 2024 - Executing "{magic -noconsole -dnull -rcfile /Business/EDA_wx_company/jli/.volare/sky130A/libs.tech/magic/sky130A.magicrc < /openlane/scripts/magic/wrapper.tcl |& tee /dev/null /openlane/designs/core/runs/core/logs/signoff/42-drc.log}"

Mon Apr 15 12:07:10 UTC 2024 - Executing "{python3 /openlane/scripts/drc_rosetta.py magic to_tcl -o /openlane/designs/core/runs/core/reports/signoff/drc.tcl /openlane/designs/core/runs/core/reports/signoff/drc.rpt}"

Mon Apr 15 12:07:10 UTC 2024 - Executing "{python3 /openlane/scripts/drc_rosetta.py magic to_tr -o /openlane/designs/core/runs/core/reports/signoff/drc.tr /openlane/designs/core/runs/core/reports/signoff/drc.rpt}"

Mon Apr 15 12:07:11 UTC 2024 - Executing "{python3 /openlane/scripts/drc_rosetta.py tr to_klayout -o /openlane/designs/core/runs/core/reports/signoff/drc.klayout.xml --design-name core /openlane/designs/core/runs/core/reports/signoff/drc.tr}"

Mon Apr 15 12:07:11 UTC 2024 - Executing "{python3 /openlane/scripts/drc_rosetta.py magic to_rdb -o /openlane/designs/core/runs/core/reports/signoff/drc.rdb /openlane/designs/core/runs/core/reports/signoff/drc.rpt}"

Mon Apr 15 12:07:11 UTC 2024 - Executing "{klayout -b -zz -r /Business/EDA_wx_company/jli/.volare/sky130A/libs.tech/klayout/drc/sky130A_mr.drc -rd topcell=core -rd input=/openlane/designs/core/runs/core/results/signoff/core.gds -rd report=/openlane/designs/core/runs/core/reports/signoff/violations.xml -rd feol=true -rd beol=true -rd floating_metal=false -rd seal=true -rd thread=1 |& tee /dev/null /openlane/designs/core/runs/core/logs/signoff/43-drc-klayout.log}"

Mon Apr 15 12:10:07 UTC 2024 - Executing "{python3 /openlane/scripts/klayout/xml_drc_report_to_json.py --xml-file /openlane/designs/core/runs/core/reports/signoff/violations.xml --json-file /openlane/designs/core/runs/core/reports/signoff/violations.json}"

Mon Apr 15 12:10:07 UTC 2024 - Executing "openroad -exit /openlane/scripts/openroad/antenna_check.tcl |& tee /dev/null /openlane/designs/core/runs/core/logs/signoff/44-arc.log"

Mon Apr 15 12:10:07 UTC 2024 - Executing "{openroad -exit /openlane/scripts/openroad/antenna_check.tcl |& tee /dev/null /openlane/designs/core/runs/core/logs/signoff/44-arc.log}"

Mon Apr 15 12:10:14 UTC 2024 - Executing "{python3 /openlane/scripts/extract_antenna_violators.py --output /openlane/designs/core/runs/core/reports/signoff/44-antenna_violators.rpt --plain-out /openlane/designs/core/runs/core/reports/signoff/44-antenna_violators_pins.txt /openlane/designs/core/runs/core/logs/signoff/44-arc.log}"

Mon Apr 15 12:10:18 UTC 2024 - Executing "{python3 /openlane/scripts/write_runtime.py --conclude --seconds --time-in 1713183018 {flow completed}}"

Mon Apr 15 12:10:19 UTC 2024 - Executing "{python3 /openlane/scripts/generate_reports.py -d /openlane/designs/core --design_name core --tag core --output_file /openlane/designs/core/runs/core/reports/metrics.csv --man_report /openlane/designs/core/runs/core/reports/manufacturability.rpt --run_path /openlane/designs/core/runs/core}"

