OpenROAD 0889970d1790a2617e69f253221b8bd7626e51dc 
This program is licensed under the BSD-3 license. See the LICENSE file for details.
Components of this program may be licensed under more restrictive licenses which must be honored.
[INFO]: Reading ODB at '/openlane/designs/core/runs/core/tmp/routing/22-global.odb'…
define_corners Typical
read_liberty -corner Typical /Business/EDA_wx_company/jli/.volare/sky130A/libs.ref/sky130_fd_sc_hd/lib/sky130_fd_sc_hd__tt_025C_1v80.lib
Using 1e-12 for capacitance...
Using 1e+03 for resistance...
Using 1e-09 for time...
Using 1e+00 for voltage...
Using 1e-03 for current...
Using 1e-09 for power...
Using 1e-06 for distance...
Reading design constraints file at '/openlane/scripts/base.sdc'…
[INFO]: Setting output delay to: 1.6
[INFO]: Setting input delay to: 1.6
[INFO]: Setting load to: 0.033442
[INFO]: Setting clock uncertainty to: 0.25
[INFO]: Setting clock transition to: 0.15
[INFO]: Setting timing derate to: 5.0 %
[INFO]: Setting signal min routing layer to: met1 and clock min routing layer to met1. 
[INFO]: Setting signal max routing layer to: met5 and clock max routing layer to met5. 
-congestion_iterations 50 -verbose -congestion_report_file /openlane/designs/core/runs/core/tmp/routing/groute-congestion.rpt
[INFO GRT-0020] Min routing layer: met1
[INFO GRT-0021] Max routing layer: met5
[INFO GRT-0022] Global adjustment: 30%
[INFO GRT-0023] Grid origin: (0, 0)
[INFO GRT-0043] No OR_DEFAULT vias defined.
[INFO GRT-0088] Layer li1     Track-Pitch = 0.4600  line-2-Via Pitch: 0.3400
[INFO GRT-0088] Layer met1    Track-Pitch = 0.3400  line-2-Via Pitch: 0.3400
[INFO GRT-0088] Layer met2    Track-Pitch = 0.4600  line-2-Via Pitch: 0.3500
[INFO GRT-0088] Layer met3    Track-Pitch = 0.6800  line-2-Via Pitch: 0.6150
[INFO GRT-0088] Layer met4    Track-Pitch = 0.9200  line-2-Via Pitch: 1.0400
[INFO GRT-0088] Layer met5    Track-Pitch = 3.4000  line-2-Via Pitch: 3.1100
[INFO GRT-0019] Found 395 clock nets.
[INFO GRT-0001] Minimum degree: 2
[INFO GRT-0002] Maximum degree: 35
[INFO GRT-0003] Macros: 0
[INFO GRT-0004] Blockages: 45586

[INFO GRT-0053] Routing resources analysis:
          Routing      Original      Derated      Resource
Layer     Direction    Resources     Resources    Reduction (%)
---------------------------------------------------------------
li1        Vertical            0             0          0.00%
met1       Horizontal     172920         82902          52.06%
met2       Vertical       130314         85692          34.24%
met3       Horizontal      86460         59590          31.08%
met4       Vertical        52276         33138          36.61%
met5       Horizontal      17292          8190          52.64%
---------------------------------------------------------------

[INFO GRT-0101] Running extra iterations to remove overflow.
[INFO GRT-0197] Via related to pin nodes: 118206
[INFO GRT-0198] Via related Steiner nodes: 3266
[INFO GRT-0199] Via filling finished.
[INFO GRT-0111] Final number of vias: 152798
[INFO GRT-0112] Final usage 3D: 581994

[INFO GRT-0096] Final congestion report:
Layer         Resource        Demand        Usage (%)    Max H / Max V / Total Overflow
---------------------------------------------------------------------------------------
li1                  0             0            0.00%             0 /  0 /  0
met1             82902         49958           60.26%             0 /  0 /  0
met2             85692         47612           55.56%             0 /  0 /  0
met3             59590         15995           26.84%             0 /  0 /  0
met4             33138          9380           28.31%             0 /  0 /  0
met5              8190           655            8.00%             0 /  0 /  0
---------------------------------------------------------------------------------------
Total           269512        123600           45.86%             0 /  0 /  0

[INFO GRT-0018] Total wirelength: 1220865 um
[INFO GRT-0014] Routed nets: 19701
[INFO GRT-0006] Repairing antennas, iteration 1.
[INFO GRT-0043] No OR_DEFAULT vias defined.
[INFO GRT-0012] Found 60 antenna violations.
[INFO GRT-0015] Inserted 115 diodes.
[INFO GRT-0054] Using detailed placer to place 1 diodes.
[INFO GRT-0009] rerouting 14716 nets.
[INFO GRT-0001] Minimum degree: 2
[INFO GRT-0002] Maximum degree: 41
[INFO GRT-0006] Repairing antennas, iteration 2.
[INFO GRT-0043] No OR_DEFAULT vias defined.
[INFO GRT-0012] Found 24 antenna violations.
[INFO GRT-0015] Inserted 37 diodes.
[INFO GRT-0009] rerouting 283 nets.
[INFO GRT-0001] Minimum degree: 2
[INFO GRT-0002] Maximum degree: 30
[INFO GRT-0006] Repairing antennas, iteration 3.
[INFO GRT-0043] No OR_DEFAULT vias defined.
[INFO GRT-0012] Found 4 antenna violations.
[INFO GRT-0015] Inserted 7 diodes.
[INFO GRT-0009] rerouting 35 nets.
[INFO GRT-0001] Minimum degree: 2
[INFO GRT-0002] Maximum degree: 17
[INFO GRT-0006] Repairing antennas, iteration 4.
[INFO GRT-0043] No OR_DEFAULT vias defined.
[INFO GRT-0012] Found 0 antenna violations.
Placement Analysis
---------------------------------
total displacement          0.0 u
average displacement        0.0 u
max displacement            0.0 u
original HPWL          745771.2 u
legalized HPWL         745771.2 u
delta HPWL                    0 %

[INFO DPL-0020] Mirrored 8229 instances
[INFO DPL-0021] HPWL before          745771.2 u
[INFO DPL-0022] HPWL after           725912.1 u
[INFO DPL-0023] HPWL delta               -2.7 %
[INFO]: Setting signal min routing layer to: met1 and clock min routing layer to met1. 
[INFO]: Setting signal max routing layer to: met5 and clock max routing layer to met5. 
-congestion_iterations 50 -verbose -congestion_report_file /openlane/designs/core/runs/core/tmp/routing/groute-congestion.rpt
[INFO GRT-0020] Min routing layer: met1
[INFO GRT-0021] Max routing layer: met5
[INFO GRT-0022] Global adjustment: 30%
[INFO GRT-0023] Grid origin: (0, 0)
[INFO GRT-0043] No OR_DEFAULT vias defined.
[INFO GRT-0088] Layer li1     Track-Pitch = 0.4600  line-2-Via Pitch: 0.3400
[INFO GRT-0088] Layer met1    Track-Pitch = 0.3400  line-2-Via Pitch: 0.3400
[INFO GRT-0088] Layer met2    Track-Pitch = 0.4600  line-2-Via Pitch: 0.3500
[INFO GRT-0088] Layer met3    Track-Pitch = 0.6800  line-2-Via Pitch: 0.6150
[INFO GRT-0088] Layer met4    Track-Pitch = 0.9200  line-2-Via Pitch: 1.0400
[INFO GRT-0088] Layer met5    Track-Pitch = 3.4000  line-2-Via Pitch: 3.1100
[INFO GRT-0019] Found 395 clock nets.
[INFO GRT-0001] Minimum degree: 2
[INFO GRT-0002] Maximum degree: 41
[INFO GRT-0003] Macros: 0
[INFO GRT-0004] Blockages: 45586

[INFO GRT-0053] Routing resources analysis:
          Routing      Original      Derated      Resource
Layer     Direction    Resources     Resources    Reduction (%)
---------------------------------------------------------------
li1        Vertical            0             0          0.00%
met1       Horizontal     172920         82899          52.06%
met2       Vertical       130314         85686          34.25%
met3       Horizontal      86460         59590          31.08%
met4       Vertical        52276         33138          36.61%
met5       Horizontal      17292          8190          52.64%
---------------------------------------------------------------

[INFO GRT-0101] Running extra iterations to remove overflow.
[INFO GRT-0197] Via related to pin nodes: 118397
[INFO GRT-0198] Via related Steiner nodes: 3240
[INFO GRT-0199] Via filling finished.
[INFO GRT-0111] Final number of vias: 152896
[INFO GRT-0112] Final usage 3D: 582326

[INFO GRT-0096] Final congestion report:
Layer         Resource        Demand        Usage (%)    Max H / Max V / Total Overflow
---------------------------------------------------------------------------------------
li1                  0             0            0.00%             0 /  0 /  0
met1             82899         50026           60.35%             0 /  0 /  0
met2             85686         47573           55.52%             0 /  0 /  0
met3             59590         16100           27.02%             0 /  0 /  0
met4             33138          9451           28.52%             0 /  0 /  0
met5              8190           488            5.96%             0 /  0 /  0
---------------------------------------------------------------------------------------
Total           269503        123638           45.88%             0 /  0 /  0

[INFO GRT-0018] Total wirelength: 1221389 um
[INFO GRT-0014] Routed nets: 19701
Setting global connections for newly added cells…
Writing OpenROAD database to '/openlane/designs/core/runs/core/tmp/routing/22-global_1.odb'…
Writing layout to '/openlane/designs/core/runs/core/tmp/routing/22-global_1.def'…
Writing routing guides to '/openlane/designs/core/runs/core/tmp/routing/22-global_1.guide'…
