
===========================================================================
report_checks -unconstrained
===========================================================================
======================= Fastest Corner ===================================

Startpoint: io_meip (input port clocked by clock)
Endpoint: io_memory_write (output port clocked by clock)
Path Group: clock
Path Type: max
Corner: Fastest

Fanout     Cap    Slew   Delay    Time   Description
-----------------------------------------------------------------------------
                  0.15    0.00    0.00   clock clock (rise edge)
                          0.00    0.00   clock network delay (ideal)
                          1.60    1.60 v input external delay
     1    0.00    0.01    0.00    1.60 v io_meip (in)
                                         io_meip (net)
                  0.01    0.00    1.60 v input33/A (sky130_fd_sc_hd__clkbuf_2)
     2    0.03    0.09    0.12    1.72 v input33/X (sky130_fd_sc_hd__clkbuf_2)
                                         net33 (net)
                  0.09    0.00    1.72 v _13556_/C (sky130_fd_sc_hd__and3_1)
     2    0.00    0.03    0.15    1.87 v _13556_/X (sky130_fd_sc_hd__and3_1)
                                         _09923_ (net)
                  0.03    0.00    1.87 v _13557_/B1 (sky130_fd_sc_hd__a31o_1)
     2    0.01    0.04    0.09    1.96 v _13557_/X (sky130_fd_sc_hd__a31o_1)
                                         _09924_ (net)
                  0.04    0.00    1.96 v _13558_/C1 (sky130_fd_sc_hd__a311o_1)
     2    0.01    0.07    0.14    2.10 v _13558_/X (sky130_fd_sc_hd__a311o_1)
                                         _09925_ (net)
                  0.07    0.00    2.10 v _13559_/C1 (sky130_fd_sc_hd__a211oi_2)
     2    0.02    0.23    0.16    2.27 ^ _13559_/Y (sky130_fd_sc_hd__a211oi_2)
                                         _09926_ (net)
                  0.23    0.00    2.27 ^ _13560_/A_N (sky130_fd_sc_hd__and2b_1)
     1    0.00    0.03    0.13    2.39 v _13560_/X (sky130_fd_sc_hd__and2b_1)
                                         _09927_ (net)
                  0.03    0.00    2.39 v _13561_/A (sky130_fd_sc_hd__clkbuf_2)
     1    0.03    0.09    0.13    2.52 v _13561_/X (sky130_fd_sc_hd__clkbuf_2)
                                         net135 (net)
                  0.09    0.00    2.52 v output135/A (sky130_fd_sc_hd__clkbuf_4)
     1    0.03    0.06    0.15    2.68 v output135/X (sky130_fd_sc_hd__clkbuf_4)
                                         io_memory_write (net)
                  0.06    0.00    2.68 v io_memory_write (out)
                                  2.68   data arrival time

                  0.15    8.00    8.00   clock clock (rise edge)
                          0.00    8.00   clock network delay (ideal)
                         -0.25    7.75   clock uncertainty
                          0.00    7.75   clock reconvergence pessimism
                         -1.60    6.15   output external delay
                                  6.15   data required time
-----------------------------------------------------------------------------
                                  6.15   data required time
                                 -2.68   data arrival time
-----------------------------------------------------------------------------
                                  3.47   slack (MET)



======================= Slowest Corner ===================================

Startpoint: _28430_ (rising edge-triggered flip-flop clocked by clock)
Endpoint: _27379_ (rising edge-triggered flip-flop clocked by clock)
Path Group: clock
Path Type: max
Corner: Slowest

Fanout     Cap    Slew   Delay    Time   Description
-----------------------------------------------------------------------------
                  0.15    0.00    0.00   clock clock (rise edge)
                          0.00    0.00   clock network delay (ideal)
                  0.15    0.00    0.00 ^ _28430_/CLK (sky130_fd_sc_hd__dfxtp_4)
     9    0.05    0.26    0.93    0.93 ^ _28430_/Q (sky130_fd_sc_hd__dfxtp_4)
                                         decode.immGen._imm_T_24[11] (net)
                  0.26    0.00    0.94 ^ _15118_/B_N (sky130_fd_sc_hd__nor2b_4)
     7    0.03    0.29    0.50    1.44 ^ _15118_/Y (sky130_fd_sc_hd__nor2b_4)
                                         _11115_ (net)
                  0.29    0.00    1.44 ^ _15119_/A (sky130_fd_sc_hd__clkbuf_4)
    10    0.05    0.26    0.52    1.95 ^ _15119_/X (sky130_fd_sc_hd__clkbuf_4)
                                         _11116_ (net)
                  0.26    0.00    1.95 ^ _15120_/A (sky130_fd_sc_hd__buf_4)
    10    0.10    0.45    0.60    2.55 ^ _15120_/X (sky130_fd_sc_hd__buf_4)
                                         _11117_ (net)
                  0.45    0.00    2.55 ^ _16083_/B (sky130_fd_sc_hd__and4b_1)
     1    0.00    0.11    0.52    3.08 ^ _16083_/X (sky130_fd_sc_hd__and4b_1)
                                         _12060_ (net)
                  0.11    0.00    3.08 ^ _16084_/A2 (sky130_fd_sc_hd__o21ai_1)
     1    0.01    0.14    0.16    3.24 v _16084_/Y (sky130_fd_sc_hd__o21ai_1)
                                         _12061_ (net)
                  0.14    0.00    3.24 v _16085_/C1 (sky130_fd_sc_hd__o311a_1)
     1    0.01    0.14    0.29    3.53 v _16085_/X (sky130_fd_sc_hd__o311a_1)
                                         _12062_ (net)
                  0.14    0.00    3.53 v _16086_/B2 (sky130_fd_sc_hd__o22ai_2)
     1    0.01    0.34    0.31    3.84 ^ _16086_/Y (sky130_fd_sc_hd__o22ai_2)
                                         _12063_ (net)
                  0.34    0.00    3.84 ^ _16087_/B1 (sky130_fd_sc_hd__o21ai_1)
     1    0.00    0.12    0.23    4.07 v _16087_/Y (sky130_fd_sc_hd__o21ai_1)
                                         _12064_ (net)
                  0.12    0.00    4.07 v _16090_/B1 (sky130_fd_sc_hd__a22oi_1)
     1    0.01    0.33    0.34    4.41 ^ _16090_/Y (sky130_fd_sc_hd__a22oi_1)
                                         _12067_ (net)
                  0.33    0.00    4.41 ^ _16092_/A2 (sky130_fd_sc_hd__o21ai_1)
     1    0.01    0.23    0.33    4.73 v _16092_/Y (sky130_fd_sc_hd__o21ai_1)
                                         _12069_ (net)
                  0.23    0.00    4.73 v _16094_/A (sky130_fd_sc_hd__nand2_1)
     1    0.01    0.16    0.25    4.98 ^ _16094_/Y (sky130_fd_sc_hd__nand2_1)
                                         _12071_ (net)
                  0.16    0.00    4.98 ^ _16095_/B2 (sky130_fd_sc_hd__a2bb2o_2)
     1    0.02    0.21    0.48    5.46 ^ _16095_/X (sky130_fd_sc_hd__a2bb2o_2)
                                         _12072_ (net)
                  0.21    0.00    5.46 ^ _16096_/B (sky130_fd_sc_hd__nand2_1)
     1    0.01    0.17    0.24    5.70 v _16096_/Y (sky130_fd_sc_hd__nand2_1)
                                         _12073_ (net)
                  0.17    0.00    5.70 v _16099_/B1 (sky130_fd_sc_hd__a22o_1)
     2    0.02    0.24    0.56    6.26 v _16099_/X (sky130_fd_sc_hd__a22o_1)
                                         _12076_ (net)
                  0.24    0.00    6.26 v _16101_/B1 (sky130_fd_sc_hd__a22o_1)
     1    0.01    0.11    0.45    6.71 v _16101_/X (sky130_fd_sc_hd__a22o_1)
                                         _12078_ (net)
                  0.11    0.00    6.71 v _16102_/A0 (sky130_fd_sc_hd__mux2_1)
     1    0.01    0.19    0.79    7.50 v _16102_/X (sky130_fd_sc_hd__mux2_1)
                                         _12079_ (net)
                  0.19    0.00    7.50 v _16103_/A0 (sky130_fd_sc_hd__mux2_1)
     1    0.01    0.14    0.76    8.26 v _16103_/X (sky130_fd_sc_hd__mux2_1)
                                         _12080_ (net)
                  0.14    0.00    8.26 v _16104_/B1 (sky130_fd_sc_hd__a41o_1)
     1    0.01    0.13    0.47    8.73 v _16104_/X (sky130_fd_sc_hd__a41o_1)
                                         _12081_ (net)
                  0.13    0.00    8.73 v _16106_/B1 (sky130_fd_sc_hd__a221o_1)
     1    0.02    0.20    0.73    9.46 v _16106_/X (sky130_fd_sc_hd__a221o_1)
                                         _12083_ (net)
                  0.20    0.00    9.46 v _16108_/B1 (sky130_fd_sc_hd__a221oi_2)
     1    0.02    0.63    0.73   10.18 ^ _16108_/Y (sky130_fd_sc_hd__a221oi_2)
                                         _12085_ (net)
                  0.63    0.00   10.18 ^ _16110_/A2 (sky130_fd_sc_hd__o21ai_2)
     1    0.01    0.18    0.36   10.54 v _16110_/Y (sky130_fd_sc_hd__o21ai_2)
                                         _12087_ (net)
                  0.18    0.00   10.54 v _16113_/A2 (sky130_fd_sc_hd__a31o_1)
     1    0.02    0.20    0.58   11.12 v _16113_/X (sky130_fd_sc_hd__a31o_1)
                                         _12090_ (net)
                  0.20    0.00   11.12 v _16116_/A2 (sky130_fd_sc_hd__a31o_1)
     1    0.01    0.14    0.53   11.65 v _16116_/X (sky130_fd_sc_hd__a31o_1)
                                         _12093_ (net)
                  0.14    0.00   11.65 v _16117_/C1 (sky130_fd_sc_hd__o221a_1)
     1    0.01    0.15    0.32   11.97 v _16117_/X (sky130_fd_sc_hd__o221a_1)
                                         _12094_ (net)
                  0.15    0.00   11.97 v _16118_/B2 (sky130_fd_sc_hd__o221a_1)
     1    0.01    0.18    0.57   12.53 v _16118_/X (sky130_fd_sc_hd__o221a_1)
                                         _00408_ (net)
                  0.18    0.00   12.53 v _27379_/D (sky130_fd_sc_hd__dfxtp_2)
                                 12.53   data arrival time

                  0.15    8.00    8.00   clock clock (rise edge)
                          0.00    8.00   clock network delay (ideal)
                         -0.25    7.75   clock uncertainty
                          0.00    7.75   clock reconvergence pessimism
                                  7.75 ^ _27379_/CLK (sky130_fd_sc_hd__dfxtp_2)
                         -0.30    7.45   library setup time
                                  7.45   data required time
-----------------------------------------------------------------------------
                                  7.45   data required time
                                -12.53   data arrival time
-----------------------------------------------------------------------------
                                 -5.08   slack (VIOLATED)



======================= Typical Corner ===================================

Startpoint: _28429_ (rising edge-triggered flip-flop clocked by clock)
Endpoint: _27413_ (rising edge-triggered flip-flop clocked by clock)
Path Group: clock
Path Type: max
Corner: Typical

Fanout     Cap    Slew   Delay    Time   Description
-----------------------------------------------------------------------------
                  0.15    0.00    0.00   clock clock (rise edge)
                          0.00    0.00   clock network delay (ideal)
                  0.15    0.00    0.00 ^ _28429_/CLK (sky130_fd_sc_hd__dfxtp_2)
     5    0.04    0.09    0.43    0.43 v _28429_/Q (sky130_fd_sc_hd__dfxtp_2)
                                         decode.immGen._imm_T_24[19] (net)
                  0.09    0.00    0.43 v _15006_/A (sky130_fd_sc_hd__buf_2)
    10    0.04    0.11    0.23    0.66 v _15006_/X (sky130_fd_sc_hd__buf_2)
                                         _11016_ (net)
                  0.11    0.00    0.66 v _16670_/A (sky130_fd_sc_hd__nor3_1)
     2    0.01    0.33    0.35    1.02 ^ _16670_/Y (sky130_fd_sc_hd__nor3_1)
                                         _12635_ (net)
                  0.33    0.00    1.02 ^ max_cap215/A (sky130_fd_sc_hd__clkbuf_2)
     5    0.03    0.18    0.29    1.30 ^ max_cap215/X (sky130_fd_sc_hd__clkbuf_2)
                                         net215 (net)
                  0.18    0.00    1.30 ^ _16671_/A (sky130_fd_sc_hd__clkbuf_8)
    11    0.11    0.20    0.30    1.60 ^ _16671_/X (sky130_fd_sc_hd__clkbuf_8)
                                         _12636_ (net)
                  0.20    0.00    1.61 ^ _17674_/A2 (sky130_fd_sc_hd__a31o_1)
     1    0.00    0.07    0.19    1.80 ^ _17674_/X (sky130_fd_sc_hd__a31o_1)
                                         _03079_ (net)
                  0.07    0.00    1.80 ^ _17676_/A2 (sky130_fd_sc_hd__o21ai_2)
     1    0.02    0.11    0.10    1.90 v _17676_/Y (sky130_fd_sc_hd__o21ai_2)
                                         _03081_ (net)
                  0.11    0.00    1.90 v _17679_/A1 (sky130_fd_sc_hd__a21oi_1)
     1    0.02    0.51    0.46    2.36 ^ _17679_/Y (sky130_fd_sc_hd__a21oi_1)
                                         _03084_ (net)
                  0.51    0.00    2.36 ^ _17681_/A2 (sky130_fd_sc_hd__o21ai_1)
     1    0.01    0.11    0.16    2.52 v _17681_/Y (sky130_fd_sc_hd__o21ai_1)
                                         _03086_ (net)
                  0.11    0.00    2.52 v _17683_/B1 (sky130_fd_sc_hd__a22o_1)
     1    0.01    0.09    0.27    2.79 v _17683_/X (sky130_fd_sc_hd__a22o_1)
                                         _03088_ (net)
                  0.09    0.00    2.79 v _17685_/A2 (sky130_fd_sc_hd__a21o_1)
     1    0.00    0.04    0.21    2.99 v _17685_/X (sky130_fd_sc_hd__a21o_1)
                                         _03090_ (net)
                  0.04    0.00    2.99 v _17687_/B1 (sky130_fd_sc_hd__a221o_1)
     1    0.02    0.11    0.37    3.37 v _17687_/X (sky130_fd_sc_hd__a221o_1)
                                         _03092_ (net)
                  0.11    0.00    3.37 v _17688_/C1 (sky130_fd_sc_hd__o221a_1)
     1    0.01    0.09    0.20    3.56 v _17688_/X (sky130_fd_sc_hd__o221a_1)
                                         _03093_ (net)
                  0.09    0.00    3.56 v _17689_/B2 (sky130_fd_sc_hd__o221a_1)
     1    0.01    0.09    0.28    3.84 v _17689_/X (sky130_fd_sc_hd__o221a_1)
                                         _03094_ (net)
                  0.09    0.00    3.84 v _17690_/A2 (sky130_fd_sc_hd__o21a_1)
     1    0.02    0.09    0.25    4.09 v _17690_/X (sky130_fd_sc_hd__o21a_1)
                                         _03095_ (net)
                  0.09    0.00    4.09 v _17691_/B2 (sky130_fd_sc_hd__o221a_1)
     1    0.01    0.08    0.28    4.37 v _17691_/X (sky130_fd_sc_hd__o221a_1)
                                         _03096_ (net)
                  0.08    0.00    4.37 v _17692_/B1 (sky130_fd_sc_hd__a211o_1)
     1    0.01    0.08    0.33    4.70 v _17692_/X (sky130_fd_sc_hd__a211o_1)
                                         _03097_ (net)
                  0.08    0.00    4.70 v _17693_/C1 (sky130_fd_sc_hd__o211a_1)
     1    0.01    0.05    0.14    4.83 v _17693_/X (sky130_fd_sc_hd__o211a_1)
                                         _03098_ (net)
                  0.05    0.00    4.83 v _17694_/B1 (sky130_fd_sc_hd__a211o_1)
     1    0.01    0.08    0.32    5.16 v _17694_/X (sky130_fd_sc_hd__a211o_1)
                                         _03099_ (net)
                  0.08    0.00    5.16 v _17697_/A2 (sky130_fd_sc_hd__a31o_1)
     1    0.02    0.09    0.29    5.45 v _17697_/X (sky130_fd_sc_hd__a31o_1)
                                         _03102_ (net)
                  0.09    0.00    5.45 v _17700_/A2 (sky130_fd_sc_hd__a31o_1)
     1    0.02    0.11    0.31    5.76 v _17700_/X (sky130_fd_sc_hd__a31o_1)
                                         _03105_ (net)
                  0.11    0.00    5.76 v _17703_/A2 (sky130_fd_sc_hd__a31o_1)
     1    0.01    0.08    0.29    6.05 v _17703_/X (sky130_fd_sc_hd__a31o_1)
                                         _03108_ (net)
                  0.08    0.00    6.05 v _17704_/C1 (sky130_fd_sc_hd__o221a_1)
     1    0.02    0.12    0.21    6.26 v _17704_/X (sky130_fd_sc_hd__o221a_1)
                                         _03109_ (net)
                  0.12    0.00    6.26 v _17705_/B2 (sky130_fd_sc_hd__o221a_1)
     1    0.00    0.04    0.24    6.50 v _17705_/X (sky130_fd_sc_hd__o221a_1)
                                         _00442_ (net)
                  0.04    0.00    6.50 v _27413_/D (sky130_fd_sc_hd__dfxtp_2)
                                  6.50   data arrival time

                  0.15    8.00    8.00   clock clock (rise edge)
                          0.00    8.00   clock network delay (ideal)
                         -0.25    7.75   clock uncertainty
                          0.00    7.75   clock reconvergence pessimism
                                  7.75 ^ _27413_/CLK (sky130_fd_sc_hd__dfxtp_2)
                         -0.09    7.66   library setup time
                                  7.66   data required time
-----------------------------------------------------------------------------
                                  7.66   data required time
                                 -6.50   data arrival time
-----------------------------------------------------------------------------
                                  1.17   slack (MET)




===========================================================================
report_checks --slack_max -0.01
============================================================================
======================= Fastest Corner ===================================

No paths found.

======================= Slowest Corner ===================================

Startpoint: _28430_ (rising edge-triggered flip-flop clocked by clock)
Endpoint: _27379_ (rising edge-triggered flip-flop clocked by clock)
Path Group: clock
Path Type: max
Corner: Slowest

Fanout     Cap    Slew   Delay    Time   Description
-----------------------------------------------------------------------------
                  0.15    0.00    0.00   clock clock (rise edge)
                          0.00    0.00   clock network delay (ideal)
                  0.15    0.00    0.00 ^ _28430_/CLK (sky130_fd_sc_hd__dfxtp_4)
     9    0.05    0.26    0.93    0.93 ^ _28430_/Q (sky130_fd_sc_hd__dfxtp_4)
                                         decode.immGen._imm_T_24[11] (net)
                  0.26    0.00    0.94 ^ _15118_/B_N (sky130_fd_sc_hd__nor2b_4)
     7    0.03    0.29    0.50    1.44 ^ _15118_/Y (sky130_fd_sc_hd__nor2b_4)
                                         _11115_ (net)
                  0.29    0.00    1.44 ^ _15119_/A (sky130_fd_sc_hd__clkbuf_4)
    10    0.05    0.26    0.52    1.95 ^ _15119_/X (sky130_fd_sc_hd__clkbuf_4)
                                         _11116_ (net)
                  0.26    0.00    1.95 ^ _15120_/A (sky130_fd_sc_hd__buf_4)
    10    0.10    0.45    0.60    2.55 ^ _15120_/X (sky130_fd_sc_hd__buf_4)
                                         _11117_ (net)
                  0.45    0.00    2.55 ^ _16083_/B (sky130_fd_sc_hd__and4b_1)
     1    0.00    0.11    0.52    3.08 ^ _16083_/X (sky130_fd_sc_hd__and4b_1)
                                         _12060_ (net)
                  0.11    0.00    3.08 ^ _16084_/A2 (sky130_fd_sc_hd__o21ai_1)
     1    0.01    0.14    0.16    3.24 v _16084_/Y (sky130_fd_sc_hd__o21ai_1)
                                         _12061_ (net)
                  0.14    0.00    3.24 v _16085_/C1 (sky130_fd_sc_hd__o311a_1)
     1    0.01    0.14    0.29    3.53 v _16085_/X (sky130_fd_sc_hd__o311a_1)
                                         _12062_ (net)
                  0.14    0.00    3.53 v _16086_/B2 (sky130_fd_sc_hd__o22ai_2)
     1    0.01    0.34    0.31    3.84 ^ _16086_/Y (sky130_fd_sc_hd__o22ai_2)
                                         _12063_ (net)
                  0.34    0.00    3.84 ^ _16087_/B1 (sky130_fd_sc_hd__o21ai_1)
     1    0.00    0.12    0.23    4.07 v _16087_/Y (sky130_fd_sc_hd__o21ai_1)
                                         _12064_ (net)
                  0.12    0.00    4.07 v _16090_/B1 (sky130_fd_sc_hd__a22oi_1)
     1    0.01    0.33    0.34    4.41 ^ _16090_/Y (sky130_fd_sc_hd__a22oi_1)
                                         _12067_ (net)
                  0.33    0.00    4.41 ^ _16092_/A2 (sky130_fd_sc_hd__o21ai_1)
     1    0.01    0.23    0.33    4.73 v _16092_/Y (sky130_fd_sc_hd__o21ai_1)
                                         _12069_ (net)
                  0.23    0.00    4.73 v _16094_/A (sky130_fd_sc_hd__nand2_1)
     1    0.01    0.16    0.25    4.98 ^ _16094_/Y (sky130_fd_sc_hd__nand2_1)
                                         _12071_ (net)
                  0.16    0.00    4.98 ^ _16095_/B2 (sky130_fd_sc_hd__a2bb2o_2)
     1    0.02    0.21    0.48    5.46 ^ _16095_/X (sky130_fd_sc_hd__a2bb2o_2)
                                         _12072_ (net)
                  0.21    0.00    5.46 ^ _16096_/B (sky130_fd_sc_hd__nand2_1)
     1    0.01    0.17    0.24    5.70 v _16096_/Y (sky130_fd_sc_hd__nand2_1)
                                         _12073_ (net)
                  0.17    0.00    5.70 v _16099_/B1 (sky130_fd_sc_hd__a22o_1)
     2    0.02    0.24    0.56    6.26 v _16099_/X (sky130_fd_sc_hd__a22o_1)
                                         _12076_ (net)
                  0.24    0.00    6.26 v _16101_/B1 (sky130_fd_sc_hd__a22o_1)
     1    0.01    0.11    0.45    6.71 v _16101_/X (sky130_fd_sc_hd__a22o_1)
                                         _12078_ (net)
                  0.11    0.00    6.71 v _16102_/A0 (sky130_fd_sc_hd__mux2_1)
     1    0.01    0.19    0.79    7.50 v _16102_/X (sky130_fd_sc_hd__mux2_1)
                                         _12079_ (net)
                  0.19    0.00    7.50 v _16103_/A0 (sky130_fd_sc_hd__mux2_1)
     1    0.01    0.14    0.76    8.26 v _16103_/X (sky130_fd_sc_hd__mux2_1)
                                         _12080_ (net)
                  0.14    0.00    8.26 v _16104_/B1 (sky130_fd_sc_hd__a41o_1)
     1    0.01    0.13    0.47    8.73 v _16104_/X (sky130_fd_sc_hd__a41o_1)
                                         _12081_ (net)
                  0.13    0.00    8.73 v _16106_/B1 (sky130_fd_sc_hd__a221o_1)
     1    0.02    0.20    0.73    9.46 v _16106_/X (sky130_fd_sc_hd__a221o_1)
                                         _12083_ (net)
                  0.20    0.00    9.46 v _16108_/B1 (sky130_fd_sc_hd__a221oi_2)
     1    0.02    0.63    0.73   10.18 ^ _16108_/Y (sky130_fd_sc_hd__a221oi_2)
                                         _12085_ (net)
                  0.63    0.00   10.18 ^ _16110_/A2 (sky130_fd_sc_hd__o21ai_2)
     1    0.01    0.18    0.36   10.54 v _16110_/Y (sky130_fd_sc_hd__o21ai_2)
                                         _12087_ (net)
                  0.18    0.00   10.54 v _16113_/A2 (sky130_fd_sc_hd__a31o_1)
     1    0.02    0.20    0.58   11.12 v _16113_/X (sky130_fd_sc_hd__a31o_1)
                                         _12090_ (net)
                  0.20    0.00   11.12 v _16116_/A2 (sky130_fd_sc_hd__a31o_1)
     1    0.01    0.14    0.53   11.65 v _16116_/X (sky130_fd_sc_hd__a31o_1)
                                         _12093_ (net)
                  0.14    0.00   11.65 v _16117_/C1 (sky130_fd_sc_hd__o221a_1)
     1    0.01    0.15    0.32   11.97 v _16117_/X (sky130_fd_sc_hd__o221a_1)
                                         _12094_ (net)
                  0.15    0.00   11.97 v _16118_/B2 (sky130_fd_sc_hd__o221a_1)
     1    0.01    0.18    0.57   12.53 v _16118_/X (sky130_fd_sc_hd__o221a_1)
                                         _00408_ (net)
                  0.18    0.00   12.53 v _27379_/D (sky130_fd_sc_hd__dfxtp_2)
                                 12.53   data arrival time

                  0.15    8.00    8.00   clock clock (rise edge)
                          0.00    8.00   clock network delay (ideal)
                         -0.25    7.75   clock uncertainty
                          0.00    7.75   clock reconvergence pessimism
                                  7.75 ^ _27379_/CLK (sky130_fd_sc_hd__dfxtp_2)
                         -0.30    7.45   library setup time
                                  7.45   data required time
-----------------------------------------------------------------------------
                                  7.45   data required time
                                -12.53   data arrival time
-----------------------------------------------------------------------------
                                 -5.08   slack (VIOLATED)



======================= Typical Corner ===================================

No paths found.


===========================================================================
 report_check_types -max_slew -max_cap -max_fanout -violators
============================================================================
======================= Fastest Corner ===================================

max fanout

Pin                                   Limit Fanout  Slack
---------------------------------------------------------
_15040_/X                                10     40    -30 (VIOLATED)
_13793_/X                                10     29    -19 (VIOLATED)
_22505_/X                                10     25    -15 (VIOLATED)
_14563_/X                                10     23    -13 (VIOLATED)
_14900_/X                                10     19     -9 (VIOLATED)
_16539_/X                                10     19     -9 (VIOLATED)
_27418_/Q                                10     18     -8 (VIOLATED)
_13662_/X                                10     16     -6 (VIOLATED)
_14551_/X                                10     16     -6 (VIOLATED)
_14619_/X                                10     16     -6 (VIOLATED)
_25394_/X                                10     16     -6 (VIOLATED)
_16547_/X                                10     15     -5 (VIOLATED)
_16725_/X                                10     15     -5 (VIOLATED)
_25379_/X                                10     15     -5 (VIOLATED)
_13591_/X                                10     14     -4 (VIOLATED)
_13971_/X                                10     14     -4 (VIOLATED)
_14545_/X                                10     14     -4 (VIOLATED)
_14617_/X                                10     14     -4 (VIOLATED)
_18245_/X                                10     14     -4 (VIOLATED)
_14555_/X                                10     13     -3 (VIOLATED)
_14752_/X                                10     13     -3 (VIOLATED)
_15000_/X                                10     13     -3 (VIOLATED)
_15061_/X                                10     13     -3 (VIOLATED)
_15352_/X                                10     13     -3 (VIOLATED)
_16567_/X                                10     13     -3 (VIOLATED)
_14595_/X                                10     12     -2 (VIOLATED)
_14612_/X                                10     12     -2 (VIOLATED)
_14969_/X                                10     12     -2 (VIOLATED)
_15017_/X                                10     12     -2 (VIOLATED)
_15039_/X                                10     12     -2 (VIOLATED)
_15057_/X                                10     12     -2 (VIOLATED)
_15088_/X                                10     12     -2 (VIOLATED)
_15146_/Y                                10     12     -2 (VIOLATED)
_15152_/X                                10     12     -2 (VIOLATED)
_15170_/X                                10     12     -2 (VIOLATED)
_15220_/X                                10     12     -2 (VIOLATED)
_15322_/X                                10     12     -2 (VIOLATED)
_16526_/X                                10     12     -2 (VIOLATED)
_20775_/X                                10     12     -2 (VIOLATED)
_22096_/X                                10     12     -2 (VIOLATED)
_25391_/X                                10     12     -2 (VIOLATED)
_25418_/X                                10     12     -2 (VIOLATED)
_25707_/X                                10     12     -2 (VIOLATED)
_13589_/X                                10     11        (VIOLATED)
_13897_/X                                10     11        (VIOLATED)
_14511_/X                                10     11        (VIOLATED)
_14552_/X                                10     11        (VIOLATED)
_14561_/X                                10     11        (VIOLATED)
_14567_/X                                10     11        (VIOLATED)
_14588_/X                                10     11        (VIOLATED)
_14590_/X                                10     11        (VIOLATED)
_14614_/X                                10     11        (VIOLATED)
_14728_/X                                10     11        (VIOLATED)
_14730_/X                                10     11        (VIOLATED)
_14998_/X                                10     11        (VIOLATED)
_15065_/X                                10     11        (VIOLATED)
_15095_/X                                10     11        (VIOLATED)
_15103_/X                                10     11        (VIOLATED)
_15195_/X                                10     11        (VIOLATED)
_15218_/X                                10     11        (VIOLATED)
_16577_/X                                10     11        (VIOLATED)
_16586_/X                                10     11        (VIOLATED)
_16588_/X                                10     11        (VIOLATED)
_16594_/X                                10     11        (VIOLATED)
_16671_/X                                10     11        (VIOLATED)
_16685_/X                                10     11        (VIOLATED)
_16921_/X                                10     11        (VIOLATED)
_18340_/X                                10     11        (VIOLATED)
_18429_/X                                10     11        (VIOLATED)
_19296_/X                                10     11        (VIOLATED)
_21725_/X                                10     11        (VIOLATED)
_22135_/X                                10     11        (VIOLATED)
_25400_/X                                10     11        (VIOLATED)
_25403_/X                                10     11        (VIOLATED)
_25407_/X                                10     11        (VIOLATED)
_25436_/X                                10     11        (VIOLATED)
_26161_/X                                10     11        (VIOLATED)
_27593_/Q                                10     11        (VIOLATED)
_27604_/Q                                10     11        (VIOLATED)
_28391_/Q                                10     11        (VIOLATED)


max slew violations count Fastest: 0
max fanout violations count Fastest: 80
max cap violations count Fastest: 0
======================= Slowest Corner ===================================

max slew

Pin                                    Limit    Slew   Slack
------------------------------------------------------------
_19624_/A1                              0.75    1.28   -0.53 (VIOLATED)
_19612_/Y                               0.75    1.28   -0.53 (VIOLATED)
_17366_/A2_N                            0.75    1.17   -0.42 (VIOLATED)
_17365_/Y                               0.75    1.17   -0.42 (VIOLATED)
_25433_/A                               0.75    1.03   -0.28 (VIOLATED)
INSDIODE1_62/DIODE                      0.75    1.03   -0.28 (VIOLATED)
INSDIODE1_61/DIODE                      0.75    1.03   -0.28 (VIOLATED)
_18521_/B1                              0.75    1.03   -0.28 (VIOLATED)
_18524_/C_N                             0.75    1.03   -0.28 (VIOLATED)
max_cap195/A                            0.75    1.03   -0.28 (VIOLATED)
_13783_/Y                               0.75    1.03   -0.28 (VIOLATED)
_19764_/B1                              0.75    0.84   -0.09 (VIOLATED)
_19758_/Y                               0.75    0.84   -0.09 (VIOLATED)
_25449_/A                               0.75    0.84   -0.09 (VIOLATED)
_25754_/B                               0.75    0.84   -0.09 (VIOLATED)
_26388_/C                               0.75    0.84   -0.09 (VIOLATED)
INSDIODE1_43/DIODE                      0.75    0.84   -0.09 (VIOLATED)
_26055_/C                               0.75    0.84   -0.09 (VIOLATED)
_26691_/A                               0.75    0.84   -0.09 (VIOLATED)
INSDIODE1_44/DIODE                      0.75    0.84   -0.09 (VIOLATED)
_13571_/B                               0.75    0.84   -0.09 (VIOLATED)
_14352_/C                               0.75    0.84   -0.09 (VIOLATED)
_14048_/C                               0.75    0.84   -0.09 (VIOLATED)
_13567_/Y                               0.75    0.84   -0.09 (VIOLATED)
_26973_/A                               0.75    0.84   -0.09 (VIOLATED)
INSDIODE1_60/DIODE                      0.75    0.84   -0.09 (VIOLATED)
_13760_/A                               0.75    0.84   -0.09 (VIOLATED)
ANTENNA_39/DIODE                        0.75    0.84   -0.09 (VIOLATED)
_18581_/C                               0.75    0.84   -0.09 (VIOLATED)
_13759_/Y                               0.75    0.84   -0.09 (VIOLATED)
max_cap200/A                            0.75    0.84   -0.09 (VIOLATED)
_18215_/Y                               0.75    0.84   -0.09 (VIOLATED)
_27481_/D                               0.75    0.84   -0.09 (VIOLATED)
_16673_/Y                               0.75    0.83   -0.08 (VIOLATED)
_16874_/A                               0.75    0.83   -0.08 (VIOLATED)
max_cap209/A                            0.75    0.83   -0.08 (VIOLATED)
_17681_/A2                              0.75    0.82   -0.07 (VIOLATED)
_17679_/Y                               0.75    0.82   -0.07 (VIOLATED)
_18972_/A0                              0.75    0.82   -0.07 (VIOLATED)
_19247_/A0                              0.75    0.82   -0.07 (VIOLATED)
_18960_/Y                               0.75    0.82   -0.07 (VIOLATED)
_18931_/A2                              0.75    0.81   -0.06 (VIOLATED)
_18957_/A2                              0.75    0.81   -0.06 (VIOLATED)
_19191_/A2                              0.75    0.81   -0.06 (VIOLATED)
_18966_/A2                              0.75    0.81   -0.06 (VIOLATED)
_18987_/A2                              0.75    0.81   -0.06 (VIOLATED)
_19028_/A2                              0.75    0.81   -0.06 (VIOLATED)
_18689_/A2                              0.75    0.81   -0.06 (VIOLATED)
_19010_/B1                              0.75    0.81   -0.06 (VIOLATED)
_18686_/Y                               0.75    0.81   -0.06 (VIOLATED)
_26184_/A                               0.75    0.81   -0.06 (VIOLATED)
_13715_/A                               0.75    0.81   -0.06 (VIOLATED)
_25397_/A                               0.75    0.81   -0.06 (VIOLATED)
hold359/A                               0.75    0.81   -0.06 (VIOLATED)
_18633_/A1                              0.75    0.81   -0.06 (VIOLATED)
_13714_/Y                               0.75    0.81   -0.06 (VIOLATED)
_19068_/Y                               0.75    0.80   -0.05 (VIOLATED)
wire187/A                               0.75    0.80   -0.05 (VIOLATED)
_22930_/Y                               0.75    0.80   -0.05 (VIOLATED)
_22931_/C1                              0.75    0.80   -0.05 (VIOLATED)
_17015_/C1                              0.75    0.80   -0.05 (VIOLATED)
_17014_/Y                               0.75    0.80   -0.05 (VIOLATED)
_19838_/Y                               0.75    0.79   -0.04 (VIOLATED)
_19840_/A2                              0.75    0.79   -0.04 (VIOLATED)
_19714_/A1                              0.75    0.79   -0.04 (VIOLATED)
ANTENNA_116/DIODE                       0.75    0.79   -0.04 (VIOLATED)
_19704_/X                               0.75    0.79   -0.04 (VIOLATED)
_23076_/C                               0.75    0.77   -0.02 (VIOLATED)
_23075_/Y                               0.75    0.77   -0.02 (VIOLATED)
_16247_/A2                              0.75    0.77   -0.02 (VIOLATED)
_16283_/A1                              0.75    0.77   -0.02 (VIOLATED)
_15279_/B                               0.75    0.77   -0.02 (VIOLATED)
ANTENNA_78/DIODE                        0.75    0.77   -0.02 (VIOLATED)
_15188_/C                               0.75    0.77   -0.02 (VIOLATED)
ANTENNA_154/DIODE                       0.75    0.77   -0.02 (VIOLATED)
_15555_/B                               0.75    0.77   -0.02 (VIOLATED)
_15281_/C                               0.75    0.77   -0.02 (VIOLATED)
_15167_/C                               0.75    0.77   -0.02 (VIOLATED)
ANTENNA_77/DIODE                        0.75    0.77   -0.02 (VIOLATED)
_15146_/Y                               0.75    0.77   -0.02 (VIOLATED)
_15147_/C                               0.75    0.77   -0.02 (VIOLATED)
_16275_/B1                              0.75    0.77   -0.02 (VIOLATED)
_19314_/A2                              0.75    0.76   -0.01 (VIOLATED)
_19315_/A2                              0.75    0.76   -0.01 (VIOLATED)
_19174_/B                               0.75    0.76   -0.01 (VIOLATED)
_19005_/B                               0.75    0.76   -0.01 (VIOLATED)
_19300_/A2                              0.75    0.76   -0.01 (VIOLATED)
_19201_/A2                              0.75    0.76   -0.01 (VIOLATED)
_18983_/A                               0.75    0.76   -0.01 (VIOLATED)
_18969_/B1                              0.75    0.76   -0.01 (VIOLATED)
_18721_/B1                              0.75    0.76   -0.01 (VIOLATED)
_18720_/Y                               0.75    0.76   -0.01 (VIOLATED)
_26224_/A                               0.75    0.75   -0.00 (VIOLATED)
INSDIODE1_63/DIODE                      0.75    0.75   -0.00 (VIOLATED)
INSDIODE1_64/DIODE                      0.75    0.75   -0.00 (VIOLATED)
_26983_/A                               0.75    0.75   -0.00 (VIOLATED)
_13791_/A                               0.75    0.75   -0.00 (VIOLATED)
_13790_/Y                               0.75    0.75   -0.00 (VIOLATED)
max_cap191/A                            0.75    0.75   -0.00 (VIOLATED)
_18555_/B                               0.75    0.75   -0.00 (VIOLATED)
_19925_/A2                              0.75    0.75   -0.00 (VIOLATED)
_19927_/B                               0.75    0.75   -0.00 (VIOLATED)
_18940_/A3                              0.75    0.75   -0.00 (VIOLATED)
_18468_/C                               0.75    0.75   -0.00 (VIOLATED)
_18467_/Y                               0.75    0.75   -0.00 (VIOLATED)

max fanout

Pin                                   Limit Fanout  Slack
---------------------------------------------------------
_15040_/X                                10     40    -30 (VIOLATED)
_13793_/X                                10     29    -19 (VIOLATED)
_22505_/X                                10     25    -15 (VIOLATED)
_14563_/X                                10     23    -13 (VIOLATED)
_14900_/X                                10     19     -9 (VIOLATED)
_16539_/X                                10     19     -9 (VIOLATED)
_27418_/Q                                10     18     -8 (VIOLATED)
_13662_/X                                10     16     -6 (VIOLATED)
_14551_/X                                10     16     -6 (VIOLATED)
_14619_/X                                10     16     -6 (VIOLATED)
_25394_/X                                10     16     -6 (VIOLATED)
_16547_/X                                10     15     -5 (VIOLATED)
_16725_/X                                10     15     -5 (VIOLATED)
_25379_/X                                10     15     -5 (VIOLATED)
_13591_/X                                10     14     -4 (VIOLATED)
_13971_/X                                10     14     -4 (VIOLATED)
_14545_/X                                10     14     -4 (VIOLATED)
_14617_/X                                10     14     -4 (VIOLATED)
_18245_/X                                10     14     -4 (VIOLATED)
_14555_/X                                10     13     -3 (VIOLATED)
_14752_/X                                10     13     -3 (VIOLATED)
_15000_/X                                10     13     -3 (VIOLATED)
_15061_/X                                10     13     -3 (VIOLATED)
_15352_/X                                10     13     -3 (VIOLATED)
_16567_/X                                10     13     -3 (VIOLATED)
_14595_/X                                10     12     -2 (VIOLATED)
_14612_/X                                10     12     -2 (VIOLATED)
_14969_/X                                10     12     -2 (VIOLATED)
_15017_/X                                10     12     -2 (VIOLATED)
_15039_/X                                10     12     -2 (VIOLATED)
_15057_/X                                10     12     -2 (VIOLATED)
_15088_/X                                10     12     -2 (VIOLATED)
_15146_/Y                                10     12     -2 (VIOLATED)
_15152_/X                                10     12     -2 (VIOLATED)
_15170_/X                                10     12     -2 (VIOLATED)
_15220_/X                                10     12     -2 (VIOLATED)
_15322_/X                                10     12     -2 (VIOLATED)
_16526_/X                                10     12     -2 (VIOLATED)
_20775_/X                                10     12     -2 (VIOLATED)
_22096_/X                                10     12     -2 (VIOLATED)
_25391_/X                                10     12     -2 (VIOLATED)
_25418_/X                                10     12     -2 (VIOLATED)
_25707_/X                                10     12     -2 (VIOLATED)
_13589_/X                                10     11        (VIOLATED)
_13897_/X                                10     11        (VIOLATED)
_14511_/X                                10     11        (VIOLATED)
_14552_/X                                10     11        (VIOLATED)
_14561_/X                                10     11        (VIOLATED)
_14567_/X                                10     11        (VIOLATED)
_14588_/X                                10     11        (VIOLATED)
_14590_/X                                10     11        (VIOLATED)
_14614_/X                                10     11        (VIOLATED)
_14728_/X                                10     11        (VIOLATED)
_14730_/X                                10     11        (VIOLATED)
_14998_/X                                10     11        (VIOLATED)
_15065_/X                                10     11        (VIOLATED)
_15095_/X                                10     11        (VIOLATED)
_15103_/X                                10     11        (VIOLATED)
_15195_/X                                10     11        (VIOLATED)
_15218_/X                                10     11        (VIOLATED)
_16577_/X                                10     11        (VIOLATED)
_16586_/X                                10     11        (VIOLATED)
_16588_/X                                10     11        (VIOLATED)
_16594_/X                                10     11        (VIOLATED)
_16671_/X                                10     11        (VIOLATED)
_16685_/X                                10     11        (VIOLATED)
_16921_/X                                10     11        (VIOLATED)
_18340_/X                                10     11        (VIOLATED)
_18429_/X                                10     11        (VIOLATED)
_19296_/X                                10     11        (VIOLATED)
_21725_/X                                10     11        (VIOLATED)
_22135_/X                                10     11        (VIOLATED)
_25400_/X                                10     11        (VIOLATED)
_25403_/X                                10     11        (VIOLATED)
_25407_/X                                10     11        (VIOLATED)
_25436_/X                                10     11        (VIOLATED)
_26161_/X                                10     11        (VIOLATED)
_27593_/Q                                10     11        (VIOLATED)
_27604_/Q                                10     11        (VIOLATED)
_28391_/Q                                10     11        (VIOLATED)


max slew violations count Slowest: 105
max fanout violations count Slowest: 80
max cap violations count Slowest: 0
======================= Typical Corner ===================================

max slew

Pin                                    Limit    Slew   Slack
------------------------------------------------------------
_19624_/A1                              0.75    0.76   -0.01 (VIOLATED)
_19612_/Y                               0.75    0.76   -0.01 (VIOLATED)

max fanout

Pin                                   Limit Fanout  Slack
---------------------------------------------------------
_15040_/X                                10     40    -30 (VIOLATED)
_13793_/X                                10     29    -19 (VIOLATED)
_22505_/X                                10     25    -15 (VIOLATED)
_14563_/X                                10     23    -13 (VIOLATED)
_14900_/X                                10     19     -9 (VIOLATED)
_16539_/X                                10     19     -9 (VIOLATED)
_27418_/Q                                10     18     -8 (VIOLATED)
_13662_/X                                10     16     -6 (VIOLATED)
_14551_/X                                10     16     -6 (VIOLATED)
_14619_/X                                10     16     -6 (VIOLATED)
_25394_/X                                10     16     -6 (VIOLATED)
_16547_/X                                10     15     -5 (VIOLATED)
_16725_/X                                10     15     -5 (VIOLATED)
_25379_/X                                10     15     -5 (VIOLATED)
_13591_/X                                10     14     -4 (VIOLATED)
_13971_/X                                10     14     -4 (VIOLATED)
_14545_/X                                10     14     -4 (VIOLATED)
_14617_/X                                10     14     -4 (VIOLATED)
_18245_/X                                10     14     -4 (VIOLATED)
_14555_/X                                10     13     -3 (VIOLATED)
_14752_/X                                10     13     -3 (VIOLATED)
_15000_/X                                10     13     -3 (VIOLATED)
_15061_/X                                10     13     -3 (VIOLATED)
_15352_/X                                10     13     -3 (VIOLATED)
_16567_/X                                10     13     -3 (VIOLATED)
_14595_/X                                10     12     -2 (VIOLATED)
_14612_/X                                10     12     -2 (VIOLATED)
_14969_/X                                10     12     -2 (VIOLATED)
_15017_/X                                10     12     -2 (VIOLATED)
_15039_/X                                10     12     -2 (VIOLATED)
_15057_/X                                10     12     -2 (VIOLATED)
_15088_/X                                10     12     -2 (VIOLATED)
_15146_/Y                                10     12     -2 (VIOLATED)
_15152_/X                                10     12     -2 (VIOLATED)
_15170_/X                                10     12     -2 (VIOLATED)
_15220_/X                                10     12     -2 (VIOLATED)
_15322_/X                                10     12     -2 (VIOLATED)
_16526_/X                                10     12     -2 (VIOLATED)
_20775_/X                                10     12     -2 (VIOLATED)
_22096_/X                                10     12     -2 (VIOLATED)
_25391_/X                                10     12     -2 (VIOLATED)
_25418_/X                                10     12     -2 (VIOLATED)
_25707_/X                                10     12     -2 (VIOLATED)
_13589_/X                                10     11        (VIOLATED)
_13897_/X                                10     11        (VIOLATED)
_14511_/X                                10     11        (VIOLATED)
_14552_/X                                10     11        (VIOLATED)
_14561_/X                                10     11        (VIOLATED)
_14567_/X                                10     11        (VIOLATED)
_14588_/X                                10     11        (VIOLATED)
_14590_/X                                10     11        (VIOLATED)
_14614_/X                                10     11        (VIOLATED)
_14728_/X                                10     11        (VIOLATED)
_14730_/X                                10     11        (VIOLATED)
_14998_/X                                10     11        (VIOLATED)
_15065_/X                                10     11        (VIOLATED)
_15095_/X                                10     11        (VIOLATED)
_15103_/X                                10     11        (VIOLATED)
_15195_/X                                10     11        (VIOLATED)
_15218_/X                                10     11        (VIOLATED)
_16577_/X                                10     11        (VIOLATED)
_16586_/X                                10     11        (VIOLATED)
_16588_/X                                10     11        (VIOLATED)
_16594_/X                                10     11        (VIOLATED)
_16671_/X                                10     11        (VIOLATED)
_16685_/X                                10     11        (VIOLATED)
_16921_/X                                10     11        (VIOLATED)
_18340_/X                                10     11        (VIOLATED)
_18429_/X                                10     11        (VIOLATED)
_19296_/X                                10     11        (VIOLATED)
_21725_/X                                10     11        (VIOLATED)
_22135_/X                                10     11        (VIOLATED)
_25400_/X                                10     11        (VIOLATED)
_25403_/X                                10     11        (VIOLATED)
_25407_/X                                10     11        (VIOLATED)
_25436_/X                                10     11        (VIOLATED)
_26161_/X                                10     11        (VIOLATED)
_27593_/Q                                10     11        (VIOLATED)
_27604_/Q                                10     11        (VIOLATED)
_28391_/Q                                10     11        (VIOLATED)


max slew violations count Typical: 2
max fanout violations count Typical: 80
max cap violations count Typical: 0

===========================================================================
report_parasitic_annotation -report_unannotated
============================================================================
Found 0 unannotated drivers.
Found 0 partially unannotated drivers.

===========================================================================
max slew violation count 105
max fanout violation count 80
max cap violation count 0
============================================================================

===========================================================================
check_setup -verbose -unconstrained_endpoints -multiple_clock -no_clock -no_input_delay -loops -generated_clocks
===========================================================================
