OpenROAD 0889970d1790a2617e69f253221b8bd7626e51dc 
This program is licensed under the BSD-3 license. See the LICENSE file for details.
Components of this program may be licensed under more restrictive licenses which must be honored.
[INFO ODB-0222] Reading LEF file: /openlane/designs/core/runs/core/tmp/merged.nom.lef
[INFO ODB-0223]     Created 13 technology layers
[INFO ODB-0224]     Created 25 technology vias
[INFO ODB-0225]     Created 441 library cells
[INFO ODB-0226] Finished LEF file:  /openlane/designs/core/runs/core/tmp/merged.nom.lef
[INFO ODB-0127] Reading DEF file: /openlane/designs/core/runs/core/results/routing/core.def
[INFO ODB-0128] Design: core
[INFO ODB-0130]     Created 170 pins.
[INFO ODB-0131]     Created 52244 components and 266324 component-terminals.
[INFO ODB-0132]     Created 2 special nets and 197840 connections.
[INFO ODB-0133]     Created 19701 nets and 68484 connections.
[INFO ODB-0134] Finished DEF file: /openlane/designs/core/runs/core/results/routing/core.def
Top-level design name: core
Found default power net 'VPWR'
Found default ground net 'VGND'
Found 1 power ports.
Found 1 ground ports.
Modified power connections of 52244/52244 cells.
